createTicket.c(37): Error -27979: Requested form not found  	[MsgId: MERR-27979]
createTicket.c(37): Error -26377: No match found for the requested parameter "outFlight". Either the specified boundaries were not found in the response or the matched text is longer than current max html parameter size of 256 bytes. The total length of the response is 0 bytes. You can use "web_set_max_html_param_len" to increase the max parameter size.  	[MsgId: MERR-26377]
createTicket.c(37): Error -26374: The above "not found" error(s) may be explained by header and body byte counts being 0 and 0, respectively.  	[MsgId: MERR-26374]
createTicket.c(37): Error -27979: Requested form not found  	[MsgId: MERR-27979]
createTicket.c(37): Error -26377: No match found for the requested parameter "outFlight". Either the specified boundaries were not found in the response or the matched text is longer than current max html parameter size of 256 bytes. The total length of the response is 0 bytes. You can use "web_set_max_html_param_len" to increase the max parameter size.  	[MsgId: MERR-26377]
createTicket.c(37): Error -26374: The above "not found" error(s) may be explained by header and body byte counts being 0 and 0, respectively.  	[MsgId: MERR-26374]
createTicket.c(37): Error -27979: Requested form not found  	[MsgId: MERR-27979]
createTicket.c(37): Error -26377: No match found for the requested parameter "outFlight". Either the specified boundaries were not found in the response or the matched text is longer than current max html parameter size of 256 bytes. The total length of the response is 0 bytes. You can use "web_set_max_html_param_len" to increase the max parameter size.  	[MsgId: MERR-26377]
createTicket.c(37): Error -26374: The above "not found" error(s) may be explained by header and body byte counts being 0 and 0, respectively.  	[MsgId: MERR-26374]
createTicket.c(37): Error -27979: Requested form not found  	[MsgId: MERR-27979]
createTicket.c(37): Error -26377: No match found for the requested parameter "outFlight". Either the specified boundaries were not found in the response or the matched text is longer than current max html parameter size of 256 bytes. The total length of the response is 0 bytes. You can use "web_set_max_html_param_len" to increase the max parameter size.  	[MsgId: MERR-26377]
createTicket.c(37): Error -26374: The above "not found" error(s) may be explained by header and body byte counts being 0 and 0, respectively.  	[MsgId: MERR-26374]
createTicket.c(37): Error -27979: Requested form not found  	[MsgId: MERR-27979]
createTicket.c(37): Error -26377: No match found for the requested parameter "outFlight". Either the specified boundaries were not found in the response or the matched text is longer than current max html parameter size of 256 bytes. The total length of the response is 0 bytes. You can use "web_set_max_html_param_len" to increase the max parameter size.  	[MsgId: MERR-26377]
createTicket.c(37): Error -26374: The above "not found" error(s) may be explained by header and body byte counts being 0 and 0, respectively.  	[MsgId: MERR-26374]
createTicket.c(37): Error -27979: Requested form not found  	[MsgId: MERR-27979]
createTicket.c(37): Error -26377: No match found for the requested parameter "outFlight". Either the specified boundaries were not found in the response or the matched text is longer than current max html parameter size of 256 bytes. The total length of the response is 0 bytes. You can use "web_set_max_html_param_len" to increase the max parameter size.  	[MsgId: MERR-26377]
createTicket.c(37): Error -26374: The above "not found" error(s) may be explained by header and body byte counts being 0 and 0, respectively.  	[MsgId: MERR-26374]
createTicket.c(37): Error -27979: Requested form not found  	[MsgId: MERR-27979]
createTicket.c(37): Error -26377: No match found for the requested parameter "outFlight". Either the specified boundaries were not found in the response or the matched text is longer than current max html parameter size of 256 bytes. The total length of the response is 0 bytes. You can use "web_set_max_html_param_len" to increase the max parameter size.  	[MsgId: MERR-26377]
createTicket.c(37): Error -26374: The above "not found" error(s) may be explained by header and body byte counts being 0 and 0, respectively.  	[MsgId: MERR-26374]
createTicket.c(37): Error -27979: Requested form not found  	[MsgId: MERR-27979]
createTicket.c(37): Error -26377: No match found for the requested parameter "outFlight". Either the specified boundaries were not found in the response or the matched text is longer than current max html parameter size of 256 bytes. The total length of the response is 0 bytes. You can use "web_set_max_html_param_len" to increase the max parameter size.  	[MsgId: MERR-26377]
createTicket.c(37): Error -26374: The above "not found" error(s) may be explained by header and body byte counts being 0 and 0, respectively.  	[MsgId: MERR-26374]
createTicket.c(37): Error -27979: Requested form not found  	[MsgId: MERR-27979]
createTicket.c(37): Error -26377: No match found for the requested parameter "outFlight". Either the specified boundaries were not found in the response or the matched text is longer than current max html parameter size of 256 bytes. The total length of the response is 0 bytes. You can use "web_set_max_html_param_len" to increase the max parameter size.  	[MsgId: MERR-26377]
createTicket.c(37): Error -26374: The above "not found" error(s) may be explained by header and body byte counts being 0 and 0, respectively.  	[MsgId: MERR-26374]
createTicket.c(37): Error -27979: Requested form not found  	[MsgId: MERR-27979]
createTicket.c(37): Error -26377: No match found for the requested parameter "outFlight". Either the specified boundaries were not found in the response or the matched text is longer than current max html parameter size of 256 bytes. The total length of the response is 0 bytes. You can use "web_set_max_html_param_len" to increase the max parameter size.  	[MsgId: MERR-26377]
createTicket.c(37): Error -26374: The above "not found" error(s) may be explained by header and body byte counts being 0 and 0, respectively.  	[MsgId: MERR-26374]
Warning: Iteration pacing cannot be reached (pace time = 10,00, actual time = 25,77).	[MsgId: MWAR-15995]
Warning: Iteration pacing cannot be reached (pace time = 10,00, actual time = 25,85).	[MsgId: MWAR-15995]
Warning: Iteration pacing cannot be reached (pace time = 10,00, actual time = 26,23).	[MsgId: MWAR-15995]
Warning: Iteration pacing cannot be reached (pace time = 10,00, actual time = 25,88).	[MsgId: MWAR-15995]
Warning: Iteration pacing cannot be reached (pace time = 10,00, actual time = 25,37).	[MsgId: MWAR-15995]
Warning: Iteration pacing cannot be reached (pace time = 10,00, actual time = 25,61).	[MsgId: MWAR-15995]
Warning: Iteration pacing cannot be reached (pace time = 10,00, actual time = 25,55).	[MsgId: MWAR-15995]
Warning: Iteration pacing cannot be reached (pace time = 10,00, actual time = 25,61).	[MsgId: MWAR-15995]
Warning: Iteration pacing cannot be reached (pace time = 10,00, actual time = 25,65).	[MsgId: MWAR-15995]
Warning: Iteration pacing cannot be reached (pace time = 10,00, actual time = 25,50).	[MsgId: MWAR-15995]
Warning: Iteration pacing cannot be reached (pace time = 10,00, actual time = 25,78).	[MsgId: MWAR-15995]
Warning: Iteration pacing cannot be reached (pace time = 10,00, actual time = 25,93).	[MsgId: MWAR-15995]
Warning: Iteration pacing cannot be reached (pace time = 10,00, actual time = 25,92).	[MsgId: MWAR-15995]
Warning: Iteration pacing cannot be reached (pace time = 10,00, actual time = 25,81).	[MsgId: MWAR-15995]
Warning: Iteration pacing cannot be reached (pace time = 10,00, actual time = 26,26).	[MsgId: MWAR-15995]
Warning: Iteration pacing cannot be reached (pace time = 10,00, actual time = 25,77).	[MsgId: MWAR-15995]
Warning: Iteration pacing cannot be reached (pace time = 10,00, actual time = 25,67).	[MsgId: MWAR-15995]
Warning: Iteration pacing cannot be reached (pace time = 10,00, actual time = 26,12).	[MsgId: MWAR-15995]
Warning: Iteration pacing cannot be reached (pace time = 10,00, actual time = 26,08).	[MsgId: MWAR-15995]
Warning: Iteration pacing cannot be reached (pace time = 10,00, actual time = 25,68).	[MsgId: MWAR-15995]
Warning: Iteration pacing cannot be reached (pace time = 10,00, actual time = 25,62).	[MsgId: MWAR-15995]
Warning: Iteration pacing cannot be reached (pace time = 10,00, actual time = 25,73).	[MsgId: MWAR-15995]
Warning: Iteration pacing cannot be reached (pace time = 10,00, actual time = 25,84).	[MsgId: MWAR-15995]
Warning: Iteration pacing cannot be reached (pace time = 10,00, actual time = 25,86).	[MsgId: MWAR-15995]
Warning: Iteration pacing cannot be reached (pace time = 10,00, actual time = 25,75).	[MsgId: MWAR-15995]
createTicket.c(37): Error -27979: Requested form not found  	[MsgId: MERR-27979]
createTicket.c(37): Error -26377: No match found for the requested parameter "outFlight". Either the specified boundaries were not found in the response or the matched text is longer than current max html parameter size of 256 bytes. The total length of the response is 0 bytes. You can use "web_set_max_html_param_len" to increase the max parameter size.  	[MsgId: MERR-26377]
createTicket.c(37): Error -26374: The above "not found" error(s) may be explained by header and body byte counts being 0 and 0, respectively.  	[MsgId: MERR-26374]
createTicket.c(37): Error -27979: Requested form not found  	[MsgId: MERR-27979]
createTicket.c(37): Error -26377: No match found for the requested parameter "outFlight". Either the specified boundaries were not found in the response or the matched text is longer than current max html parameter size of 256 bytes. The total length of the response is 0 bytes. You can use "web_set_max_html_param_len" to increase the max parameter size.  	[MsgId: MERR-26377]
createTicket.c(37): Error -26374: The above "not found" error(s) may be explained by header and body byte counts being 0 and 0, respectively.  	[MsgId: MERR-26374]
createTicket.c(37): Error -27979: Requested form not found  	[MsgId: MERR-27979]
createTicket.c(37): Error -26377: No match found for the requested parameter "outFlight". Either the specified boundaries were not found in the response or the matched text is longer than current max html parameter size of 256 bytes. The total length of the response is 0 bytes. You can use "web_set_max_html_param_len" to increase the max parameter size.  	[MsgId: MERR-26377]
createTicket.c(37): Error -26374: The above "not found" error(s) may be explained by header and body byte counts being 0 and 0, respectively.  	[MsgId: MERR-26374]
createTicket.c(37): Error -27979: Requested form not found  	[MsgId: MERR-27979]
createTicket.c(37): Error -26377: No match found for the requested parameter "outFlight". Either the specified boundaries were not found in the response or the matched text is longer than current max html parameter size of 256 bytes. The total length of the response is 0 bytes. You can use "web_set_max_html_param_len" to increase the max parameter size.  	[MsgId: MERR-26377]
createTicket.c(37): Error -26374: The above "not found" error(s) may be explained by header and body byte counts being 0 and 0, respectively.  	[MsgId: MERR-26374]
createTicket.c(37): Error -27979: Requested form not found  	[MsgId: MERR-27979]
createTicket.c(37): Error -26377: No match found for the requested parameter "outFlight". Either the specified boundaries were not found in the response or the matched text is longer than current max html parameter size of 256 bytes. The total length of the response is 0 bytes. You can use "web_set_max_html_param_len" to increase the max parameter size.  	[MsgId: MERR-26377]
createTicket.c(37): Error -26374: The above "not found" error(s) may be explained by header and body byte counts being 0 and 0, respectively.  	[MsgId: MERR-26374]
checkAndDel.c(21): Error -26612: HTTP Status-Code=500 (Internal Server Error) for "http://localhost:1080/cgi-bin/welcome.pl?page=itinerary"  	[MsgId: MERR-26612]
checkAndDel.c(21): Error -26377: No match found for the requested parameter "flightIDs". Either the specified boundaries were not found in the response or the matched text is longer than current max html parameter size of 256 bytes. The total length of the response is 535 bytes. You can use "web_set_max_html_param_len" to increase the max parameter size.  	[MsgId: MERR-26377]
checkAndDel.c(21): Error -26377: No match found for the requested parameter "ccgifields". Either the specified boundaries were not found in the response or the matched text is longer than current max html parameter size of 256 bytes. The total length of the response is 535 bytes. You can use "web_set_max_html_param_len" to increase the max parameter size.  	[MsgId: MERR-26377]
Warning: Iteration pacing cannot be reached (pace time = 10,00, actual time = 17,15).	[MsgId: MWAR-15995]
Warning: Iteration pacing cannot be reached (pace time = 10,00, actual time = 25,60).	[MsgId: MWAR-15995]
Warning: Iteration pacing cannot be reached (pace time = 10,00, actual time = 25,86).	[MsgId: MWAR-15995]
Warning: Iteration pacing cannot be reached (pace time = 10,00, actual time = 25,92).	[MsgId: MWAR-15995]
Warning: Iteration pacing cannot be reached (pace time = 10,00, actual time = 25,93).	[MsgId: MWAR-15995]
Warning: Iteration pacing cannot be reached (pace time = 10,00, actual time = 25,53).	[MsgId: MWAR-15995]
createTicket.c(37): Error -27979: Requested form not found  	[MsgId: MERR-27979]
createTicket.c(37): Error -26377: No match found for the requested parameter "outFlight". Either the specified boundaries were not found in the response or the matched text is longer than current max html parameter size of 256 bytes. The total length of the response is 0 bytes. You can use "web_set_max_html_param_len" to increase the max parameter size.  	[MsgId: MERR-26377]
createTicket.c(37): Error -26374: The above "not found" error(s) may be explained by header and body byte counts being 0 and 0, respectively.  	[MsgId: MERR-26374]
Warning: Iteration pacing cannot be reached (pace time = 10,00, actual time = 25,63).	[MsgId: MWAR-15995]
Warning: Iteration pacing cannot be reached (pace time = 10,00, actual time = 25,71).	[MsgId: MWAR-15995]
Warning: Iteration pacing cannot be reached (pace time = 10,00, actual time = 25,77).	[MsgId: MWAR-15995]
Warning: Iteration pacing cannot be reached (pace time = 10,00, actual time = 25,94).	[MsgId: MWAR-15995]
createTicket.c(37): Error -27979: Requested form not found  	[MsgId: MERR-27979]
createTicket.c(37): Error -26377: No match found for the requested parameter "outFlight". Either the specified boundaries were not found in the response or the matched text is longer than current max html parameter size of 256 bytes. The total length of the response is 0 bytes. You can use "web_set_max_html_param_len" to increase the max parameter size.  	[MsgId: MERR-26377]
createTicket.c(37): Error -26374: The above "not found" error(s) may be explained by header and body byte counts being 0 and 0, respectively.  	[MsgId: MERR-26374]
createTicket.c(37): Error -27979: Requested form not found  	[MsgId: MERR-27979]
createTicket.c(37): Error -26377: No match found for the requested parameter "outFlight". Either the specified boundaries were not found in the response or the matched text is longer than current max html parameter size of 256 bytes. The total length of the response is 0 bytes. You can use "web_set_max_html_param_len" to increase the max parameter size.  	[MsgId: MERR-26377]
createTicket.c(37): Error -26374: The above "not found" error(s) may be explained by header and body byte counts being 0 and 0, respectively.  	[MsgId: MERR-26374]
createTicket.c(37): Error -27979: Requested form not found  	[MsgId: MERR-27979]
createTicket.c(37): Error -26377: No match found for the requested parameter "outFlight". Either the specified boundaries were not found in the response or the matched text is longer than current max html parameter size of 256 bytes. The total length of the response is 0 bytes. You can use "web_set_max_html_param_len" to increase the max parameter size.  	[MsgId: MERR-26377]
createTicket.c(37): Error -26374: The above "not found" error(s) may be explained by header and body byte counts being 0 and 0, respectively.  	[MsgId: MERR-26374]
createTicket.c(37): Error -27979: Requested form not found  	[MsgId: MERR-27979]
createTicket.c(37): Error -26377: No match found for the requested parameter "outFlight". Either the specified boundaries were not found in the response or the matched text is longer than current max html parameter size of 256 bytes. The total length of the response is 0 bytes. You can use "web_set_max_html_param_len" to increase the max parameter size.  	[MsgId: MERR-26377]
createTicket.c(37): Error -26374: The above "not found" error(s) may be explained by header and body byte counts being 0 and 0, respectively.  	[MsgId: MERR-26374]
createTicket.c(37): Error -27979: Requested form not found  	[MsgId: MERR-27979]
createTicket.c(37): Error -26377: No match found for the requested parameter "outFlight". Either the specified boundaries were not found in the response or the matched text is longer than current max html parameter size of 256 bytes. The total length of the response is 0 bytes. You can use "web_set_max_html_param_len" to increase the max parameter size.  	[MsgId: MERR-26377]
createTicket.c(37): Error -26374: The above "not found" error(s) may be explained by header and body byte counts being 0 and 0, respectively.  	[MsgId: MERR-26374]
createTicket.c(37): Error -27979: Requested form not found  	[MsgId: MERR-27979]
createTicket.c(37): Error -26377: No match found for the requested parameter "outFlight". Either the specified boundaries were not found in the response or the matched text is longer than current max html parameter size of 256 bytes. The total length of the response is 0 bytes. You can use "web_set_max_html_param_len" to increase the max parameter size.  	[MsgId: MERR-26377]
createTicket.c(37): Error -26374: The above "not found" error(s) may be explained by header and body byte counts being 0 and 0, respectively.  	[MsgId: MERR-26374]
createTicket.c(37): Error -27979: Requested form not found  	[MsgId: MERR-27979]
createTicket.c(37): Error -26377: No match found for the requested parameter "outFlight". Either the specified boundaries were not found in the response or the matched text is longer than current max html parameter size of 256 bytes. The total length of the response is 0 bytes. You can use "web_set_max_html_param_len" to increase the max parameter size.  	[MsgId: MERR-26377]
createTicket.c(37): Error -26374: The above "not found" error(s) may be explained by header and body byte counts being 0 and 0, respectively.  	[MsgId: MERR-26374]
createTicket.c(37): Error -27979: Requested form not found  	[MsgId: MERR-27979]
createTicket.c(37): Error -26377: No match found for the requested parameter "outFlight". Either the specified boundaries were not found in the response or the matched text is longer than current max html parameter size of 256 bytes. The total length of the response is 0 bytes. You can use "web_set_max_html_param_len" to increase the max parameter size.  	[MsgId: MERR-26377]
createTicket.c(37): Error -26374: The above "not found" error(s) may be explained by header and body byte counts being 0 and 0, respectively.  	[MsgId: MERR-26374]
createTicket.c(37): Error -27979: Requested form not found  	[MsgId: MERR-27979]
createTicket.c(37): Error -26377: No match found for the requested parameter "outFlight". Either the specified boundaries were not found in the response or the matched text is longer than current max html parameter size of 256 bytes. The total length of the response is 0 bytes. You can use "web_set_max_html_param_len" to increase the max parameter size.  	[MsgId: MERR-26377]
createTicket.c(37): Error -26374: The above "not found" error(s) may be explained by header and body byte counts being 0 and 0, respectively.  	[MsgId: MERR-26374]
createTicket.c(37): Error -27979: Requested form not found  	[MsgId: MERR-27979]
createTicket.c(37): Error -26377: No match found for the requested parameter "outFlight". Either the specified boundaries were not found in the response or the matched text is longer than current max html parameter size of 256 bytes. The total length of the response is 0 bytes. You can use "web_set_max_html_param_len" to increase the max parameter size.  	[MsgId: MERR-26377]
createTicket.c(37): Error -26374: The above "not found" error(s) may be explained by header and body byte counts being 0 and 0, respectively.  	[MsgId: MERR-26374]
createTicket.c(37): Error -27979: Requested form not found  	[MsgId: MERR-27979]
createTicket.c(37): Error -26377: No match found for the requested parameter "outFlight". Either the specified boundaries were not found in the response or the matched text is longer than current max html parameter size of 256 bytes. The total length of the response is 0 bytes. You can use "web_set_max_html_param_len" to increase the max parameter size.  	[MsgId: MERR-26377]
createTicket.c(37): Error -26374: The above "not found" error(s) may be explained by header and body byte counts being 0 and 0, respectively.  	[MsgId: MERR-26374]
createTicket.c(37): Error -27979: Requested form not found  	[MsgId: MERR-27979]
createTicket.c(37): Error -26377: No match found for the requested parameter "outFlight". Either the specified boundaries were not found in the response or the matched text is longer than current max html parameter size of 256 bytes. The total length of the response is 0 bytes. You can use "web_set_max_html_param_len" to increase the max parameter size.  	[MsgId: MERR-26377]
createTicket.c(37): Error -26374: The above "not found" error(s) may be explained by header and body byte counts being 0 and 0, respectively.  	[MsgId: MERR-26374]
createTicket.c(37): Error -27979: Requested form not found  	[MsgId: MERR-27979]
createTicket.c(37): Error -26377: No match found for the requested parameter "outFlight". Either the specified boundaries were not found in the response or the matched text is longer than current max html parameter size of 256 bytes. The total length of the response is 0 bytes. You can use "web_set_max_html_param_len" to increase the max parameter size.  	[MsgId: MERR-26377]
createTicket.c(37): Error -26374: The above "not found" error(s) may be explained by header and body byte counts being 0 and 0, respectively.  	[MsgId: MERR-26374]
createTicket.c(37): Error -27979: Requested form not found  	[MsgId: MERR-27979]
createTicket.c(37): Error -26377: No match found for the requested parameter "outFlight". Either the specified boundaries were not found in the response or the matched text is longer than current max html parameter size of 256 bytes. The total length of the response is 0 bytes. You can use "web_set_max_html_param_len" to increase the max parameter size.  	[MsgId: MERR-26377]
createTicket.c(37): Error -26374: The above "not found" error(s) may be explained by header and body byte counts being 0 and 0, respectively.  	[MsgId: MERR-26374]
createTicket.c(37): Error -27979: Requested form not found  	[MsgId: MERR-27979]
createTicket.c(37): Error -26377: No match found for the requested parameter "outFlight". Either the specified boundaries were not found in the response or the matched text is longer than current max html parameter size of 256 bytes. The total length of the response is 0 bytes. You can use "web_set_max_html_param_len" to increase the max parameter size.  	[MsgId: MERR-26377]
createTicket.c(37): Error -26374: The above "not found" error(s) may be explained by header and body byte counts being 0 and 0, respectively.  	[MsgId: MERR-26374]
createTicket.c(37): Error -27979: Requested form not found  	[MsgId: MERR-27979]
createTicket.c(37): Error -26377: No match found for the requested parameter "outFlight". Either the specified boundaries were not found in the response or the matched text is longer than current max html parameter size of 256 bytes. The total length of the response is 0 bytes. You can use "web_set_max_html_param_len" to increase the max parameter size.  	[MsgId: MERR-26377]
createTicket.c(37): Error -26374: The above "not found" error(s) may be explained by header and body byte counts being 0 and 0, respectively.  	[MsgId: MERR-26374]
createTicket.c(37): Error -27979: Requested form not found  	[MsgId: MERR-27979]
createTicket.c(37): Error -26377: No match found for the requested parameter "outFlight". Either the specified boundaries were not found in the response or the matched text is longer than current max html parameter size of 256 bytes. The total length of the response is 0 bytes. You can use "web_set_max_html_param_len" to increase the max parameter size.  	[MsgId: MERR-26377]
createTicket.c(37): Error -26374: The above "not found" error(s) may be explained by header and body byte counts being 0 and 0, respectively.  	[MsgId: MERR-26374]
createTicket.c(37): Error -27979: Requested form not found  	[MsgId: MERR-27979]
createTicket.c(37): Error -26377: No match found for the requested parameter "outFlight". Either the specified boundaries were not found in the response or the matched text is longer than current max html parameter size of 256 bytes. The total length of the response is 0 bytes. You can use "web_set_max_html_param_len" to increase the max parameter size.  	[MsgId: MERR-26377]
createTicket.c(37): Error -26374: The above "not found" error(s) may be explained by header and body byte counts being 0 and 0, respectively.  	[MsgId: MERR-26374]
createTicket.c(37): Error -27979: Requested form not found  	[MsgId: MERR-27979]
createTicket.c(37): Error -26377: No match found for the requested parameter "outFlight". Either the specified boundaries were not found in the response or the matched text is longer than current max html parameter size of 256 bytes. The total length of the response is 0 bytes. You can use "web_set_max_html_param_len" to increase the max parameter size.  	[MsgId: MERR-26377]
createTicket.c(37): Error -26374: The above "not found" error(s) may be explained by header and body byte counts being 0 and 0, respectively.  	[MsgId: MERR-26374]
Warning: Iteration pacing cannot be reached (pace time = 10,00, actual time = 25,85).	[MsgId: MWAR-15995]
Warning: Iteration pacing cannot be reached (pace time = 10,00, actual time = 25,83).	[MsgId: MWAR-15995]
Warning: Iteration pacing cannot be reached (pace time = 10,00, actual time = 25,68).	[MsgId: MWAR-15995]
Warning: Iteration pacing cannot be reached (pace time = 10,00, actual time = 25,63).	[MsgId: MWAR-15995]
Warning: Iteration pacing cannot be reached (pace time = 10,00, actual time = 25,49).	[MsgId: MWAR-15995]
Warning: Iteration pacing cannot be reached (pace time = 10,00, actual time = 25,56).	[MsgId: MWAR-15995]
Warning: Iteration pacing cannot be reached (pace time = 10,00, actual time = 25,75).	[MsgId: MWAR-15995]
Warning: Iteration pacing cannot be reached (pace time = 10,00, actual time = 25,75).	[MsgId: MWAR-15995]
Warning: Iteration pacing cannot be reached (pace time = 10,00, actual time = 25,75).	[MsgId: MWAR-15995]
Warning: Iteration pacing cannot be reached (pace time = 10,00, actual time = 25,89).	[MsgId: MWAR-15995]
Warning: Iteration pacing cannot be reached (pace time = 10,00, actual time = 25,62).	[MsgId: MWAR-15995]
createTicket.c(37): Error -27979: Requested form not found  	[MsgId: MERR-27979]
createTicket.c(37): Error -26377: No match found for the requested parameter "outFlight". Either the specified boundaries were not found in the response or the matched text is longer than current max html parameter size of 256 bytes. The total length of the response is 0 bytes. You can use "web_set_max_html_param_len" to increase the max parameter size.  	[MsgId: MERR-26377]
createTicket.c(37): Error -26374: The above "not found" error(s) may be explained by header and body byte counts being 0 and 0, respectively.  	[MsgId: MERR-26374]
Warning: Iteration pacing cannot be reached (pace time = 10,00, actual time = 25,60).	[MsgId: MWAR-15995]
Warning: Iteration pacing cannot be reached (pace time = 10,00, actual time = 25,73).	[MsgId: MWAR-15995]
Warning: Iteration pacing cannot be reached (pace time = 10,00, actual time = 25,76).	[MsgId: MWAR-15995]
Warning: Iteration pacing cannot be reached (pace time = 10,00, actual time = 25,45).	[MsgId: MWAR-15995]
createTicket.c(37): Error -27979: Requested form not found  	[MsgId: MERR-27979]
createTicket.c(37): Error -26377: No match found for the requested parameter "outFlight". Either the specified boundaries were not found in the response or the matched text is longer than current max html parameter size of 256 bytes. The total length of the response is 0 bytes. You can use "web_set_max_html_param_len" to increase the max parameter size.  	[MsgId: MERR-26377]
createTicket.c(37): Error -26374: The above "not found" error(s) may be explained by header and body byte counts being 0 and 0, respectively.  	[MsgId: MERR-26374]
createTicket.c(37): Error -27979: Requested form not found  	[MsgId: MERR-27979]
createTicket.c(37): Error -26377: No match found for the requested parameter "outFlight". Either the specified boundaries were not found in the response or the matched text is longer than current max html parameter size of 256 bytes. The total length of the response is 0 bytes. You can use "web_set_max_html_param_len" to increase the max parameter size.  	[MsgId: MERR-26377]
createTicket.c(37): Error -26374: The above "not found" error(s) may be explained by header and body byte counts being 0 and 0, respectively.  	[MsgId: MERR-26374]
createTicket.c(37): Error -27979: Requested form not found  	[MsgId: MERR-27979]
createTicket.c(37): Error -26377: No match found for the requested parameter "outFlight". Either the specified boundaries were not found in the response or the matched text is longer than current max html parameter size of 256 bytes. The total length of the response is 0 bytes. You can use "web_set_max_html_param_len" to increase the max parameter size.  	[MsgId: MERR-26377]
createTicket.c(37): Error -26374: The above "not found" error(s) may be explained by header and body byte counts being 0 and 0, respectively.  	[MsgId: MERR-26374]
createTicket.c(37): Error -27979: Requested form not found  	[MsgId: MERR-27979]
createTicket.c(37): Error -26377: No match found for the requested parameter "outFlight". Either the specified boundaries were not found in the response or the matched text is longer than current max html parameter size of 256 bytes. The total length of the response is 0 bytes. You can use "web_set_max_html_param_len" to increase the max parameter size.  	[MsgId: MERR-26377]
createTicket.c(37): Error -26374: The above "not found" error(s) may be explained by header and body byte counts being 0 and 0, respectively.  	[MsgId: MERR-26374]
Warning: Iteration pacing cannot be reached (pace time = 10,00, actual time = 25,38).	[MsgId: MWAR-15995]
createTicket.c(37): Error -27979: Requested form not found  	[MsgId: MERR-27979]
createTicket.c(37): Error -26377: No match found for the requested parameter "outFlight". Either the specified boundaries were not found in the response or the matched text is longer than current max html parameter size of 256 bytes. The total length of the response is 0 bytes. You can use "web_set_max_html_param_len" to increase the max parameter size.  	[MsgId: MERR-26377]
createTicket.c(37): Error -26374: The above "not found" error(s) may be explained by header and body byte counts being 0 and 0, respectively.  	[MsgId: MERR-26374]
Warning: Iteration pacing cannot be reached (pace time = 10,00, actual time = 25,38).	[MsgId: MWAR-15995]
Warning: Iteration pacing cannot be reached (pace time = 10,00, actual time = 25,29).	[MsgId: MWAR-15995]
Warning: Iteration pacing cannot be reached (pace time = 10,00, actual time = 25,81).	[MsgId: MWAR-15995]
Warning: Iteration pacing cannot be reached (pace time = 10,00, actual time = 25,75).	[MsgId: MWAR-15995]
createTicket.c(37): Error -27979: Requested form not found  	[MsgId: MERR-27979]
createTicket.c(37): Error -26377: No match found for the requested parameter "outFlight". Either the specified boundaries were not found in the response or the matched text is longer than current max html parameter size of 256 bytes. The total length of the response is 0 bytes. You can use "web_set_max_html_param_len" to increase the max parameter size.  	[MsgId: MERR-26377]
createTicket.c(37): Error -26374: The above "not found" error(s) may be explained by header and body byte counts being 0 and 0, respectively.  	[MsgId: MERR-26374]
createTicket.c(37): Error -27979: Requested form not found  	[MsgId: MERR-27979]
createTicket.c(37): Error -26377: No match found for the requested parameter "outFlight". Either the specified boundaries were not found in the response or the matched text is longer than current max html parameter size of 256 bytes. The total length of the response is 0 bytes. You can use "web_set_max_html_param_len" to increase the max parameter size.  	[MsgId: MERR-26377]
createTicket.c(37): Error -26374: The above "not found" error(s) may be explained by header and body byte counts being 0 and 0, respectively.  	[MsgId: MERR-26374]
createTicket.c(37): Error -27979: Requested form not found  	[MsgId: MERR-27979]
createTicket.c(37): Error -26377: No match found for the requested parameter "outFlight". Either the specified boundaries were not found in the response or the matched text is longer than current max html parameter size of 256 bytes. The total length of the response is 0 bytes. You can use "web_set_max_html_param_len" to increase the max parameter size.  	[MsgId: MERR-26377]
createTicket.c(37): Error -26374: The above "not found" error(s) may be explained by header and body byte counts being 0 and 0, respectively.  	[MsgId: MERR-26374]
createTicket.c(37): Error -27979: Requested form not found  	[MsgId: MERR-27979]
createTicket.c(37): Error -26377: No match found for the requested parameter "outFlight". Either the specified boundaries were not found in the response or the matched text is longer than current max html parameter size of 256 bytes. The total length of the response is 0 bytes. You can use "web_set_max_html_param_len" to increase the max parameter size.  	[MsgId: MERR-26377]
createTicket.c(37): Error -26374: The above "not found" error(s) may be explained by header and body byte counts being 0 and 0, respectively.  	[MsgId: MERR-26374]
createTicket.c(37): Error -27979: Requested form not found  	[MsgId: MERR-27979]
createTicket.c(37): Error -26377: No match found for the requested parameter "outFlight". Either the specified boundaries were not found in the response or the matched text is longer than current max html parameter size of 256 bytes. The total length of the response is 0 bytes. You can use "web_set_max_html_param_len" to increase the max parameter size.  	[MsgId: MERR-26377]
createTicket.c(37): Error -26374: The above "not found" error(s) may be explained by header and body byte counts being 0 and 0, respectively.  	[MsgId: MERR-26374]
createTicket.c(37): Error -27979: Requested form not found  	[MsgId: MERR-27979]
createTicket.c(37): Error -26377: No match found for the requested parameter "outFlight". Either the specified boundaries were not found in the response or the matched text is longer than current max html parameter size of 256 bytes. The total length of the response is 0 bytes. You can use "web_set_max_html_param_len" to increase the max parameter size.  	[MsgId: MERR-26377]
createTicket.c(37): Error -26374: The above "not found" error(s) may be explained by header and body byte counts being 0 and 0, respectively.  	[MsgId: MERR-26374]
createTicket.c(37): Error -27979: Requested form not found  	[MsgId: MERR-27979]
createTicket.c(37): Error -26377: No match found for the requested parameter "outFlight". Either the specified boundaries were not found in the response or the matched text is longer than current max html parameter size of 256 bytes. The total length of the response is 0 bytes. You can use "web_set_max_html_param_len" to increase the max parameter size.  	[MsgId: MERR-26377]
createTicket.c(37): Error -26374: The above "not found" error(s) may be explained by header and body byte counts being 0 and 0, respectively.  	[MsgId: MERR-26374]
createTicket.c(37): Error -27979: Requested form not found  	[MsgId: MERR-27979]
createTicket.c(37): Error -26377: No match found for the requested parameter "outFlight". Either the specified boundaries were not found in the response or the matched text is longer than current max html parameter size of 256 bytes. The total length of the response is 0 bytes. You can use "web_set_max_html_param_len" to increase the max parameter size.  	[MsgId: MERR-26377]
createTicket.c(37): Error -26374: The above "not found" error(s) may be explained by header and body byte counts being 0 and 0, respectively.  	[MsgId: MERR-26374]
createTicket.c(37): Error -27979: Requested form not found  	[MsgId: MERR-27979]
createTicket.c(37): Error -26377: No match found for the requested parameter "outFlight". Either the specified boundaries were not found in the response or the matched text is longer than current max html parameter size of 256 bytes. The total length of the response is 0 bytes. You can use "web_set_max_html_param_len" to increase the max parameter size.  	[MsgId: MERR-26377]
createTicket.c(37): Error -26374: The above "not found" error(s) may be explained by header and body byte counts being 0 and 0, respectively.  	[MsgId: MERR-26374]
Warning: Iteration pacing cannot be reached (pace time = 10,00, actual time = 25,75).	[MsgId: MWAR-15995]
Warning: Iteration pacing cannot be reached (pace time = 10,00, actual time = 25,75).	[MsgId: MWAR-15995]
Warning: Iteration pacing cannot be reached (pace time = 10,00, actual time = 25,27).	[MsgId: MWAR-15995]
Warning: Iteration pacing cannot be reached (pace time = 10,00, actual time = 25,31).	[MsgId: MWAR-15995]
Warning: Iteration pacing cannot be reached (pace time = 10,00, actual time = 25,56).	[MsgId: MWAR-15995]
Warning: Iteration pacing cannot be reached (pace time = 10,00, actual time = 29,65).	[MsgId: MWAR-15995]
Warning: Iteration pacing cannot be reached (pace time = 10,00, actual time = 28,36).	[MsgId: MWAR-15995]
Warning: Iteration pacing cannot be reached (pace time = 10,00, actual time = 29,28).	[MsgId: MWAR-15995]
Warning: Iteration pacing cannot be reached (pace time = 10,00, actual time = 31,94).	[MsgId: MWAR-15995]
Warning: Iteration pacing cannot be reached (pace time = 10,00, actual time = 32,05).	[MsgId: MWAR-15995]
Warning: Iteration pacing cannot be reached (pace time = 10,00, actual time = 25,93).	[MsgId: MWAR-15995]
createTicket.c(37): Error -27979: Requested form not found  	[MsgId: MERR-27979]
createTicket.c(37): Error -26377: No match found for the requested parameter "outFlight". Either the specified boundaries were not found in the response or the matched text is longer than current max html parameter size of 256 bytes. The total length of the response is 0 bytes. You can use "web_set_max_html_param_len" to increase the max parameter size.  	[MsgId: MERR-26377]
createTicket.c(37): Error -26374: The above "not found" error(s) may be explained by header and body byte counts being 0 and 0, respectively.  	[MsgId: MERR-26374]
Warning: Iteration pacing cannot be reached (pace time = 10,00, actual time = 25,88).	[MsgId: MWAR-15995]
Warning: Iteration pacing cannot be reached (pace time = 10,00, actual time = 25,83).	[MsgId: MWAR-15995]
Warning: Iteration pacing cannot be reached (pace time = 10,00, actual time = 25,72).	[MsgId: MWAR-15995]
createTicket.c(37): Error -27979: Requested form not found  	[MsgId: MERR-27979]
createTicket.c(37): Error -26377: No match found for the requested parameter "outFlight". Either the specified boundaries were not found in the response or the matched text is longer than current max html parameter size of 256 bytes. The total length of the response is 0 bytes. You can use "web_set_max_html_param_len" to increase the max parameter size.  	[MsgId: MERR-26377]
createTicket.c(37): Error -26374: The above "not found" error(s) may be explained by header and body byte counts being 0 and 0, respectively.  	[MsgId: MERR-26374]
createTicket.c(37): Error -27979: Requested form not found  	[MsgId: MERR-27979]
createTicket.c(37): Error -26377: No match found for the requested parameter "outFlight". Either the specified boundaries were not found in the response or the matched text is longer than current max html parameter size of 256 bytes. The total length of the response is 0 bytes. You can use "web_set_max_html_param_len" to increase the max parameter size.  	[MsgId: MERR-26377]
createTicket.c(37): Error -26374: The above "not found" error(s) may be explained by header and body byte counts being 0 and 0, respectively.  	[MsgId: MERR-26374]
Warning: Iteration pacing cannot be reached (pace time = 10,00, actual time = 25,77).	[MsgId: MWAR-15995]
createTicket.c(37): Error -27979: Requested form not found  	[MsgId: MERR-27979]
createTicket.c(37): Error -26377: No match found for the requested parameter "outFlight". Either the specified boundaries were not found in the response or the matched text is longer than current max html parameter size of 256 bytes. The total length of the response is 0 bytes. You can use "web_set_max_html_param_len" to increase the max parameter size.  	[MsgId: MERR-26377]
createTicket.c(37): Error -26374: The above "not found" error(s) may be explained by header and body byte counts being 0 and 0, respectively.  	[MsgId: MERR-26374]
createTicket.c(37): Error -27979: Requested form not found  	[MsgId: MERR-27979]
createTicket.c(37): Error -26377: No match found for the requested parameter "outFlight". Either the specified boundaries were not found in the response or the matched text is longer than current max html parameter size of 256 bytes. The total length of the response is 0 bytes. You can use "web_set_max_html_param_len" to increase the max parameter size.  	[MsgId: MERR-26377]
createTicket.c(37): Error -26374: The above "not found" error(s) may be explained by header and body byte counts being 0 and 0, respectively.  	[MsgId: MERR-26374]
createTicket.c(37): Error -27979: Requested form not found  	[MsgId: MERR-27979]
createTicket.c(37): Error -26377: No match found for the requested parameter "outFlight". Either the specified boundaries were not found in the response or the matched text is longer than current max html parameter size of 256 bytes. The total length of the response is 0 bytes. You can use "web_set_max_html_param_len" to increase the max parameter size.  	[MsgId: MERR-26377]
createTicket.c(37): Error -26374: The above "not found" error(s) may be explained by header and body byte counts being 0 and 0, respectively.  	[MsgId: MERR-26374]
createTicket.c(37): Error -27979: Requested form not found  	[MsgId: MERR-27979]
createTicket.c(37): Error -26377: No match found for the requested parameter "outFlight". Either the specified boundaries were not found in the response or the matched text is longer than current max html parameter size of 256 bytes. The total length of the response is 0 bytes. You can use "web_set_max_html_param_len" to increase the max parameter size.  	[MsgId: MERR-26377]
createTicket.c(37): Error -26374: The above "not found" error(s) may be explained by header and body byte counts being 0 and 0, respectively.  	[MsgId: MERR-26374]
createTicket.c(37): Error -27979: Requested form not found  	[MsgId: MERR-27979]
createTicket.c(37): Error -26377: No match found for the requested parameter "outFlight". Either the specified boundaries were not found in the response or the matched text is longer than current max html parameter size of 256 bytes. The total length of the response is 0 bytes. You can use "web_set_max_html_param_len" to increase the max parameter size.  	[MsgId: MERR-26377]
createTicket.c(37): Error -26374: The above "not found" error(s) may be explained by header and body byte counts being 0 and 0, respectively.  	[MsgId: MERR-26374]
createTicket.c(37): Error -27979: Requested form not found  	[MsgId: MERR-27979]
createTicket.c(37): Error -26377: No match found for the requested parameter "outFlight". Either the specified boundaries were not found in the response or the matched text is longer than current max html parameter size of 256 bytes. The total length of the response is 0 bytes. You can use "web_set_max_html_param_len" to increase the max parameter size.  	[MsgId: MERR-26377]
createTicket.c(37): Error -26374: The above "not found" error(s) may be explained by header and body byte counts being 0 and 0, respectively.  	[MsgId: MERR-26374]
createTicket.c(37): Error -27979: Requested form not found  	[MsgId: MERR-27979]
createTicket.c(37): Error -26377: No match found for the requested parameter "outFlight". Either the specified boundaries were not found in the response or the matched text is longer than current max html parameter size of 256 bytes. The total length of the response is 0 bytes. You can use "web_set_max_html_param_len" to increase the max parameter size.  	[MsgId: MERR-26377]
createTicket.c(37): Error -26374: The above "not found" error(s) may be explained by header and body byte counts being 0 and 0, respectively.  	[MsgId: MERR-26374]
createTicket.c(37): Error -27979: Requested form not found  	[MsgId: MERR-27979]
createTicket.c(37): Error -26377: No match found for the requested parameter "outFlight". Either the specified boundaries were not found in the response or the matched text is longer than current max html parameter size of 256 bytes. The total length of the response is 0 bytes. You can use "web_set_max_html_param_len" to increase the max parameter size.  	[MsgId: MERR-26377]
createTicket.c(37): Error -26374: The above "not found" error(s) may be explained by header and body byte counts being 0 and 0, respectively.  	[MsgId: MERR-26374]
globals.h(30): Error -27792: Failed to connect to server "localhost:8086": [10061] Connection refused  	[MsgId: MERR-27792]
globals.h(30): Error -27792: Failed to connect to server "localhost:8086": [10061] Connection refused  	[MsgId: MERR-27792]
globals.h(30): Error -27792: Failed to connect to server "localhost:8086": [10061] Connection refused  	[MsgId: MERR-27792]
globals.h(30): Error -27792: Failed to connect to server "localhost:8086": [10061] Connection refused  	[MsgId: MERR-27792]
globals.h(30): Error -27792: Failed to connect to server "localhost:8086": [10061] Connection refused  	[MsgId: MERR-27792]
globals.h(30): Error -27792: Failed to connect to server "localhost:8086": [10061] Connection refused  	[MsgId: MERR-27792]
globals.h(30): Error -27792: Failed to connect to server "localhost:8086": [10061] Connection refused  	[MsgId: MERR-27792]
globals.h(30): Error -27792: Failed to connect to server "localhost:8086": [10061] Connection refused  	[MsgId: MERR-27792]
globals.h(30): Error -27792: Failed to connect to server "localhost:8086": [10061] Connection refused  	[MsgId: MERR-27792]
globals.h(30): Error -27792: Failed to connect to server "localhost:8086": [10061] Connection refused  	[MsgId: MERR-27792]
globals.h(30): Error -27792: Failed to connect to server "localhost:8086": [10061] Connection refused  	[MsgId: MERR-27792]
globals.h(30): Error -27792: Failed to connect to server "localhost:8086": [10061] Connection refused  	[MsgId: MERR-27792]
globals.h(30): Error -27792: Failed to connect to server "localhost:8086": [10061] Connection refused  	[MsgId: MERR-27792]
globals.h(30): Error -27792: Failed to connect to server "localhost:8086": [10061] Connection refused  	[MsgId: MERR-27792]
globals.h(30): Error -27792: Failed to connect to server "localhost:8086": [10061] Connection refused  	[MsgId: MERR-27792]
globals.h(30): Error -27792: Failed to connect to server "localhost:8086": [10061] Connection refused  	[MsgId: MERR-27792]
globals.h(30): Error -27792: Failed to connect to server "localhost:8086": [10061] Connection refused  	[MsgId: MERR-27792]
globals.h(30): Error -27792: Failed to connect to server "localhost:8086": [10061] Connection refused  	[MsgId: MERR-27792]
globals.h(30): Error -27792: Failed to connect to server "localhost:8086": [10061] Connection refused  	[MsgId: MERR-27792]
globals.h(30): Error -27792: Failed to connect to server "localhost:8086": [10061] Connection refused  	[MsgId: MERR-27792]
globals.h(30): Error -27792: Failed to connect to server "localhost:8086": [10061] Connection refused  	[MsgId: MERR-27792]
globals.h(30): Error -27792: Failed to connect to server "localhost:8086": [10061] Connection refused  	[MsgId: MERR-27792]
