createTicket.c(37): Error -27979: Requested form not found  	[MsgId: MERR-27979]
createTicket.c(37): Error -26377: No match found for the requested parameter "outFlight". Either the specified boundaries were not found in the response or the matched text is longer than current max html parameter size of 256 bytes. The total length of the response is 0 bytes. You can use "web_set_max_html_param_len" to increase the max parameter size.  	[MsgId: MERR-26377]
createTicket.c(37): Error -26374: The above "not found" error(s) may be explained by header and body byte counts being 0 and 0, respectively.  	[MsgId: MERR-26374]
createTicket.c(37): Error -27979: Requested form not found  	[MsgId: MERR-27979]
createTicket.c(37): Error -26377: No match found for the requested parameter "outFlight". Either the specified boundaries were not found in the response or the matched text is longer than current max html parameter size of 256 bytes. The total length of the response is 0 bytes. You can use "web_set_max_html_param_len" to increase the max parameter size.  	[MsgId: MERR-26377]
createTicket.c(37): Error -26374: The above "not found" error(s) may be explained by header and body byte counts being 0 and 0, respectively.  	[MsgId: MERR-26374]
createTicket.c(37): Error -27979: Requested form not found  	[MsgId: MERR-27979]
createTicket.c(37): Error -26377: No match found for the requested parameter "outFlight". Either the specified boundaries were not found in the response or the matched text is longer than current max html parameter size of 256 bytes. The total length of the response is 0 bytes. You can use "web_set_max_html_param_len" to increase the max parameter size.  	[MsgId: MERR-26377]
createTicket.c(37): Error -26374: The above "not found" error(s) may be explained by header and body byte counts being 0 and 0, respectively.  	[MsgId: MERR-26374]
createTicket.c(37): Error -27979: Requested form not found  	[MsgId: MERR-27979]
createTicket.c(37): Error -26377: No match found for the requested parameter "outFlight". Either the specified boundaries were not found in the response or the matched text is longer than current max html parameter size of 256 bytes. The total length of the response is 0 bytes. You can use "web_set_max_html_param_len" to increase the max parameter size.  	[MsgId: MERR-26377]
createTicket.c(37): Error -26374: The above "not found" error(s) may be explained by header and body byte counts being 0 and 0, respectively.  	[MsgId: MERR-26374]
createTicket.c(37): Error -27979: Requested form not found  	[MsgId: MERR-27979]
createTicket.c(37): Error -26377: No match found for the requested parameter "outFlight". Either the specified boundaries were not found in the response or the matched text is longer than current max html parameter size of 256 bytes. The total length of the response is 0 bytes. You can use "web_set_max_html_param_len" to increase the max parameter size.  	[MsgId: MERR-26377]
createTicket.c(37): Error -26374: The above "not found" error(s) may be explained by header and body byte counts being 0 and 0, respectively.  	[MsgId: MERR-26374]
Warning: Iteration pacing cannot be reached (pace time = 10,00, actual time = 25,52).	[MsgId: MWAR-15995]
Warning: Iteration pacing cannot be reached (pace time = 10,00, actual time = 25,66).	[MsgId: MWAR-15995]
Warning: Iteration pacing cannot be reached (pace time = 10,00, actual time = 25,53).	[MsgId: MWAR-15995]
Warning: Iteration pacing cannot be reached (pace time = 10,00, actual time = 25,47).	[MsgId: MWAR-15995]
Warning: Iteration pacing cannot be reached (pace time = 10,00, actual time = 25,47).	[MsgId: MWAR-15995]
Warning: Iteration pacing cannot be reached (pace time = 10,00, actual time = 25,32).	[MsgId: MWAR-15995]
Warning: Iteration pacing cannot be reached (pace time = 10,00, actual time = 25,55).	[MsgId: MWAR-15995]
Warning: Iteration pacing cannot be reached (pace time = 10,00, actual time = 25,96).	[MsgId: MWAR-15995]
Warning: Iteration pacing cannot be reached (pace time = 10,00, actual time = 25,90).	[MsgId: MWAR-15995]
Warning: Iteration pacing cannot be reached (pace time = 10,00, actual time = 25,72).	[MsgId: MWAR-15995]
Warning: Iteration pacing cannot be reached (pace time = 10,00, actual time = 25,38).	[MsgId: MWAR-15995]
Warning: Iteration pacing cannot be reached (pace time = 10,00, actual time = 25,70).	[MsgId: MWAR-15995]
Warning: Iteration pacing cannot be reached (pace time = 10,00, actual time = 25,60).	[MsgId: MWAR-15995]
Warning: Iteration pacing cannot be reached (pace time = 10,00, actual time = 25,61).	[MsgId: MWAR-15995]
Warning: Iteration pacing cannot be reached (pace time = 10,00, actual time = 25,58).	[MsgId: MWAR-15995]
Warning: Iteration pacing cannot be reached (pace time = 10,00, actual time = 25,46).	[MsgId: MWAR-15995]
Warning: Iteration pacing cannot be reached (pace time = 10,00, actual time = 25,65).	[MsgId: MWAR-15995]
Warning: Iteration pacing cannot be reached (pace time = 10,00, actual time = 25,61).	[MsgId: MWAR-15995]
Warning: Iteration pacing cannot be reached (pace time = 10,00, actual time = 25,62).	[MsgId: MWAR-15995]
Warning: Iteration pacing cannot be reached (pace time = 10,00, actual time = 25,61).	[MsgId: MWAR-15995]
createTicket.c(37): Error -27979: Requested form not found  	[MsgId: MERR-27979]
createTicket.c(37): Error -26377: No match found for the requested parameter "outFlight". Either the specified boundaries were not found in the response or the matched text is longer than current max html parameter size of 256 bytes. The total length of the response is 0 bytes. You can use "web_set_max_html_param_len" to increase the max parameter size.  	[MsgId: MERR-26377]
createTicket.c(37): Error -26374: The above "not found" error(s) may be explained by header and body byte counts being 0 and 0, respectively.  	[MsgId: MERR-26374]
createTicket.c(37): Error -27979: Requested form not found  	[MsgId: MERR-27979]
createTicket.c(37): Error -26377: No match found for the requested parameter "outFlight". Either the specified boundaries were not found in the response or the matched text is longer than current max html parameter size of 256 bytes. The total length of the response is 0 bytes. You can use "web_set_max_html_param_len" to increase the max parameter size.  	[MsgId: MERR-26377]
createTicket.c(37): Error -26374: The above "not found" error(s) may be explained by header and body byte counts being 0 and 0, respectively.  	[MsgId: MERR-26374]
createTicket.c(37): Error -27979: Requested form not found  	[MsgId: MERR-27979]
createTicket.c(37): Error -26377: No match found for the requested parameter "outFlight". Either the specified boundaries were not found in the response or the matched text is longer than current max html parameter size of 256 bytes. The total length of the response is 0 bytes. You can use "web_set_max_html_param_len" to increase the max parameter size.  	[MsgId: MERR-26377]
createTicket.c(37): Error -26374: The above "not found" error(s) may be explained by header and body byte counts being 0 and 0, respectively.  	[MsgId: MERR-26374]
createTicket.c(37): Error -27979: Requested form not found  	[MsgId: MERR-27979]
createTicket.c(37): Error -26377: No match found for the requested parameter "outFlight". Either the specified boundaries were not found in the response or the matched text is longer than current max html parameter size of 256 bytes. The total length of the response is 0 bytes. You can use "web_set_max_html_param_len" to increase the max parameter size.  	[MsgId: MERR-26377]
createTicket.c(37): Error -26374: The above "not found" error(s) may be explained by header and body byte counts being 0 and 0, respectively.  	[MsgId: MERR-26374]
createTicket.c(37): Error -27979: Requested form not found  	[MsgId: MERR-27979]
createTicket.c(37): Error -26377: No match found for the requested parameter "outFlight". Either the specified boundaries were not found in the response or the matched text is longer than current max html parameter size of 256 bytes. The total length of the response is 0 bytes. You can use "web_set_max_html_param_len" to increase the max parameter size.  	[MsgId: MERR-26377]
createTicket.c(37): Error -26374: The above "not found" error(s) may be explained by header and body byte counts being 0 and 0, respectively.  	[MsgId: MERR-26374]
createTicket.c(37): Error -27979: Requested form not found  	[MsgId: MERR-27979]
createTicket.c(37): Error -26377: No match found for the requested parameter "outFlight". Either the specified boundaries were not found in the response or the matched text is longer than current max html parameter size of 256 bytes. The total length of the response is 0 bytes. You can use "web_set_max_html_param_len" to increase the max parameter size.  	[MsgId: MERR-26377]
createTicket.c(37): Error -26374: The above "not found" error(s) may be explained by header and body byte counts being 0 and 0, respectively.  	[MsgId: MERR-26374]
createTicket.c(37): Error -27979: Requested form not found  	[MsgId: MERR-27979]
createTicket.c(37): Error -26377: No match found for the requested parameter "outFlight". Either the specified boundaries were not found in the response or the matched text is longer than current max html parameter size of 256 bytes. The total length of the response is 0 bytes. You can use "web_set_max_html_param_len" to increase the max parameter size.  	[MsgId: MERR-26377]
createTicket.c(37): Error -26374: The above "not found" error(s) may be explained by header and body byte counts being 0 and 0, respectively.  	[MsgId: MERR-26374]
createTicket.c(37): Error -27979: Requested form not found  	[MsgId: MERR-27979]
createTicket.c(37): Error -26377: No match found for the requested parameter "outFlight". Either the specified boundaries were not found in the response or the matched text is longer than current max html parameter size of 256 bytes. The total length of the response is 0 bytes. You can use "web_set_max_html_param_len" to increase the max parameter size.  	[MsgId: MERR-26377]
createTicket.c(37): Error -26374: The above "not found" error(s) may be explained by header and body byte counts being 0 and 0, respectively.  	[MsgId: MERR-26374]
createTicket.c(37): Error -27979: Requested form not found  	[MsgId: MERR-27979]
createTicket.c(37): Error -26377: No match found for the requested parameter "outFlight". Either the specified boundaries were not found in the response or the matched text is longer than current max html parameter size of 256 bytes. The total length of the response is 0 bytes. You can use "web_set_max_html_param_len" to increase the max parameter size.  	[MsgId: MERR-26377]
createTicket.c(37): Error -26374: The above "not found" error(s) may be explained by header and body byte counts being 0 and 0, respectively.  	[MsgId: MERR-26374]
createTicket.c(37): Error -27979: Requested form not found  	[MsgId: MERR-27979]
createTicket.c(37): Error -26377: No match found for the requested parameter "outFlight". Either the specified boundaries were not found in the response or the matched text is longer than current max html parameter size of 256 bytes. The total length of the response is 0 bytes. You can use "web_set_max_html_param_len" to increase the max parameter size.  	[MsgId: MERR-26377]
createTicket.c(37): Error -26374: The above "not found" error(s) may be explained by header and body byte counts being 0 and 0, respectively.  	[MsgId: MERR-26374]
Warning: Iteration pacing cannot be reached (pace time = 10,00, actual time = 25,36).	[MsgId: MWAR-15995]
Warning: Iteration pacing cannot be reached (pace time = 10,00, actual time = 25,19).	[MsgId: MWAR-15995]
Warning: Iteration pacing cannot be reached (pace time = 10,00, actual time = 25,66).	[MsgId: MWAR-15995]
Warning: Iteration pacing cannot be reached (pace time = 10,00, actual time = 25,61).	[MsgId: MWAR-15995]
Warning: Iteration pacing cannot be reached (pace time = 10,00, actual time = 25,48).	[MsgId: MWAR-15995]
Warning: Iteration pacing cannot be reached (pace time = 10,00, actual time = 25,38).	[MsgId: MWAR-15995]
createTicket.c(10): Error -26612: HTTP Status-Code=500 (Internal Server Error) for "http://localhost:1080/cgi-bin/nav.pl?page=menu&in=flights"  	[MsgId: MERR-26612]
Warning: Iteration pacing cannot be reached (pace time = 10,00, actual time = 25,49).	[MsgId: MWAR-15995]
Warning: Iteration pacing cannot be reached (pace time = 10,00, actual time = 26,07).	[MsgId: MWAR-15995]
Warning: Iteration pacing cannot be reached (pace time = 10,00, actual time = 26,06).	[MsgId: MWAR-15995]
Warning: Iteration pacing cannot be reached (pace time = 10,00, actual time = 26,12).	[MsgId: MWAR-15995]
Warning: Iteration pacing cannot be reached (pace time = 10,00, actual time = 25,76).	[MsgId: MWAR-15995]
checkAndDel.c(21): Error -26377: No match found for the requested parameter "flightIDs". Either the specified boundaries were not found in the response or the matched text is longer than current max html parameter size of 256 bytes. The total length of the response is 4419 bytes. You can use "web_set_max_html_param_len" to increase the max parameter size.  	[MsgId: MERR-26377]
checkAndDel.c(21): Error -26377: No match found for the requested parameter "ccgifields". Either the specified boundaries were not found in the response or the matched text is longer than current max html parameter size of 256 bytes. The total length of the response is 4419 bytes. You can use "web_set_max_html_param_len" to increase the max parameter size.  	[MsgId: MERR-26377]
Warning: Iteration pacing cannot be reached (pace time = 10,00, actual time = 17,28).	[MsgId: MWAR-15995]
Warning: Iteration pacing cannot be reached (pace time = 10,00, actual time = 26,17).	[MsgId: MWAR-15995]
Warning: Iteration pacing cannot be reached (pace time = 10,00, actual time = 26,18).	[MsgId: MWAR-15995]
Warning: Iteration pacing cannot be reached (pace time = 10,00, actual time = 25,98).	[MsgId: MWAR-15995]
createTicket.c(37): Error -27979: Requested form not found  	[MsgId: MERR-27979]
createTicket.c(37): Error -26377: No match found for the requested parameter "outFlight". Either the specified boundaries were not found in the response or the matched text is longer than current max html parameter size of 256 bytes. The total length of the response is 0 bytes. You can use "web_set_max_html_param_len" to increase the max parameter size.  	[MsgId: MERR-26377]
createTicket.c(37): Error -26374: The above "not found" error(s) may be explained by header and body byte counts being 0 and 0, respectively.  	[MsgId: MERR-26374]
Warning: Iteration pacing cannot be reached (pace time = 10,00, actual time = 25,49).	[MsgId: MWAR-15995]
Warning: Iteration pacing cannot be reached (pace time = 10,00, actual time = 25,84).	[MsgId: MWAR-15995]
Warning: Iteration pacing cannot be reached (pace time = 10,00, actual time = 25,98).	[MsgId: MWAR-15995]
Warning: Iteration pacing cannot be reached (pace time = 10,00, actual time = 26,30).	[MsgId: MWAR-15995]
Warning: Iteration pacing cannot be reached (pace time = 10,00, actual time = 25,50).	[MsgId: MWAR-15995]
createTicket.c(37): Error -27979: Requested form not found  	[MsgId: MERR-27979]
createTicket.c(37): Error -26377: No match found for the requested parameter "outFlight". Either the specified boundaries were not found in the response or the matched text is longer than current max html parameter size of 256 bytes. The total length of the response is 0 bytes. You can use "web_set_max_html_param_len" to increase the max parameter size.  	[MsgId: MERR-26377]
createTicket.c(37): Error -26374: The above "not found" error(s) may be explained by header and body byte counts being 0 and 0, respectively.  	[MsgId: MERR-26374]
createTicket.c(37): Error -27979: Requested form not found  	[MsgId: MERR-27979]
createTicket.c(37): Error -26377: No match found for the requested parameter "outFlight". Either the specified boundaries were not found in the response or the matched text is longer than current max html parameter size of 256 bytes. The total length of the response is 0 bytes. You can use "web_set_max_html_param_len" to increase the max parameter size.  	[MsgId: MERR-26377]
createTicket.c(37): Error -26374: The above "not found" error(s) may be explained by header and body byte counts being 0 and 0, respectively.  	[MsgId: MERR-26374]
Warning: Iteration pacing cannot be reached (pace time = 10,00, actual time = 25,31).	[MsgId: MWAR-15995]
Warning: Iteration pacing cannot be reached (pace time = 10,00, actual time = 25,44).	[MsgId: MWAR-15995]
Warning: Iteration pacing cannot be reached (pace time = 10,00, actual time = 25,38).	[MsgId: MWAR-15995]
Warning: Iteration pacing cannot be reached (pace time = 10,00, actual time = 25,40).	[MsgId: MWAR-15995]
createTicket.c(37): Error -27979: Requested form not found  	[MsgId: MERR-27979]
createTicket.c(37): Error -26377: No match found for the requested parameter "outFlight". Either the specified boundaries were not found in the response or the matched text is longer than current max html parameter size of 256 bytes. The total length of the response is 0 bytes. You can use "web_set_max_html_param_len" to increase the max parameter size.  	[MsgId: MERR-26377]
createTicket.c(37): Error -26374: The above "not found" error(s) may be explained by header and body byte counts being 0 and 0, respectively.  	[MsgId: MERR-26374]
createTicket.c(37): Error -27979: Requested form not found  	[MsgId: MERR-27979]
createTicket.c(37): Error -26377: No match found for the requested parameter "outFlight". Either the specified boundaries were not found in the response or the matched text is longer than current max html parameter size of 256 bytes. The total length of the response is 0 bytes. You can use "web_set_max_html_param_len" to increase the max parameter size.  	[MsgId: MERR-26377]
createTicket.c(37): Error -26374: The above "not found" error(s) may be explained by header and body byte counts being 0 and 0, respectively.  	[MsgId: MERR-26374]
createTicket.c(37): Error -27979: Requested form not found  	[MsgId: MERR-27979]
createTicket.c(37): Error -26377: No match found for the requested parameter "outFlight". Either the specified boundaries were not found in the response or the matched text is longer than current max html parameter size of 256 bytes. The total length of the response is 0 bytes. You can use "web_set_max_html_param_len" to increase the max parameter size.  	[MsgId: MERR-26377]
createTicket.c(37): Error -26374: The above "not found" error(s) may be explained by header and body byte counts being 0 and 0, respectively.  	[MsgId: MERR-26374]
createTicket.c(37): Error -27979: Requested form not found  	[MsgId: MERR-27979]
createTicket.c(37): Error -26377: No match found for the requested parameter "outFlight". Either the specified boundaries were not found in the response or the matched text is longer than current max html parameter size of 256 bytes. The total length of the response is 0 bytes. You can use "web_set_max_html_param_len" to increase the max parameter size.  	[MsgId: MERR-26377]
createTicket.c(37): Error -26374: The above "not found" error(s) may be explained by header and body byte counts being 0 and 0, respectively.  	[MsgId: MERR-26374]
createTicket.c(37): Error -27979: Requested form not found  	[MsgId: MERR-27979]
createTicket.c(37): Error -26377: No match found for the requested parameter "outFlight". Either the specified boundaries were not found in the response or the matched text is longer than current max html parameter size of 256 bytes. The total length of the response is 0 bytes. You can use "web_set_max_html_param_len" to increase the max parameter size.  	[MsgId: MERR-26377]
createTicket.c(37): Error -26374: The above "not found" error(s) may be explained by header and body byte counts being 0 and 0, respectively.  	[MsgId: MERR-26374]
createTicket.c(37): Error -27979: Requested form not found  	[MsgId: MERR-27979]
createTicket.c(37): Error -26377: No match found for the requested parameter "outFlight". Either the specified boundaries were not found in the response or the matched text is longer than current max html parameter size of 256 bytes. The total length of the response is 0 bytes. You can use "web_set_max_html_param_len" to increase the max parameter size.  	[MsgId: MERR-26377]
createTicket.c(37): Error -26374: The above "not found" error(s) may be explained by header and body byte counts being 0 and 0, respectively.  	[MsgId: MERR-26374]
createTicket.c(37): Error -27979: Requested form not found  	[MsgId: MERR-27979]
createTicket.c(37): Error -26377: No match found for the requested parameter "outFlight". Either the specified boundaries were not found in the response or the matched text is longer than current max html parameter size of 256 bytes. The total length of the response is 0 bytes. You can use "web_set_max_html_param_len" to increase the max parameter size.  	[MsgId: MERR-26377]
createTicket.c(37): Error -26374: The above "not found" error(s) may be explained by header and body byte counts being 0 and 0, respectively.  	[MsgId: MERR-26374]
createTicket.c(37): Error -27979: Requested form not found  	[MsgId: MERR-27979]
createTicket.c(37): Error -26377: No match found for the requested parameter "outFlight". Either the specified boundaries were not found in the response or the matched text is longer than current max html parameter size of 256 bytes. The total length of the response is 0 bytes. You can use "web_set_max_html_param_len" to increase the max parameter size.  	[MsgId: MERR-26377]
createTicket.c(37): Error -26374: The above "not found" error(s) may be explained by header and body byte counts being 0 and 0, respectively.  	[MsgId: MERR-26374]
Warning: Iteration pacing cannot be reached (pace time = 10,00, actual time = 26,45).	[MsgId: MWAR-15995]
Warning: Iteration pacing cannot be reached (pace time = 10,00, actual time = 25,89).	[MsgId: MWAR-15995]
Warning: Iteration pacing cannot be reached (pace time = 10,00, actual time = 25,81).	[MsgId: MWAR-15995]
Warning: Iteration pacing cannot be reached (pace time = 10,00, actual time = 26,03).	[MsgId: MWAR-15995]
Warning: Iteration pacing cannot be reached (pace time = 10,00, actual time = 26,00).	[MsgId: MWAR-15995]
Warning: Iteration pacing cannot be reached (pace time = 10,00, actual time = 25,64).	[MsgId: MWAR-15995]
Warning: Iteration pacing cannot be reached (pace time = 10,00, actual time = 25,31).	[MsgId: MWAR-15995]
Warning: Iteration pacing cannot be reached (pace time = 10,00, actual time = 25,64).	[MsgId: MWAR-15995]
Warning: Iteration pacing cannot be reached (pace time = 10,00, actual time = 25,63).	[MsgId: MWAR-15995]
Warning: Iteration pacing cannot be reached (pace time = 10,00, actual time = 25,50).	[MsgId: MWAR-15995]
Warning: Iteration pacing cannot be reached (pace time = 10,00, actual time = 25,45).	[MsgId: MWAR-15995]
createTicket.c(37): Error -27979: Requested form not found  	[MsgId: MERR-27979]
createTicket.c(37): Error -26377: No match found for the requested parameter "outFlight". Either the specified boundaries were not found in the response or the matched text is longer than current max html parameter size of 256 bytes. The total length of the response is 0 bytes. You can use "web_set_max_html_param_len" to increase the max parameter size.  	[MsgId: MERR-26377]
createTicket.c(37): Error -26374: The above "not found" error(s) may be explained by header and body byte counts being 0 and 0, respectively.  	[MsgId: MERR-26374]
createTicket.c(37): Error -27979: Requested form not found  	[MsgId: MERR-27979]
createTicket.c(37): Error -26377: No match found for the requested parameter "outFlight". Either the specified boundaries were not found in the response or the matched text is longer than current max html parameter size of 256 bytes. The total length of the response is 0 bytes. You can use "web_set_max_html_param_len" to increase the max parameter size.  	[MsgId: MERR-26377]
createTicket.c(37): Error -26374: The above "not found" error(s) may be explained by header and body byte counts being 0 and 0, respectively.  	[MsgId: MERR-26374]
