Warning: Iteration pacing cannot be reached (pace time = 10,00, actual time = 26,30).	[MsgId: MWAR-15995]
Warning: Iteration pacing cannot be reached (pace time = 10,00, actual time = 26,42).	[MsgId: MWAR-15995]
Warning: Iteration pacing cannot be reached (pace time = 10,00, actual time = 27,05).	[MsgId: MWAR-15995]
Warning: Iteration pacing cannot be reached (pace time = 10,00, actual time = 27,05).	[MsgId: MWAR-15995]
Warning: Iteration pacing cannot be reached (pace time = 10,00, actual time = 26,94).	[MsgId: MWAR-15995]
createTicket.c(37): Error -27979: Requested form not found  	[MsgId: MERR-27979]
createTicket.c(37): Error -26377: No match found for the requested parameter "outFlight". Either the specified boundaries were not found in the response or the matched text is longer than current max html parameter size of 256 bytes. The total length of the response is 0 bytes. You can use "web_set_max_html_param_len" to increase the max parameter size.  	[MsgId: MERR-26377]
createTicket.c(37): Error -26374: The above "not found" error(s) may be explained by header and body byte counts being 0 and 0, respectively.  	[MsgId: MERR-26374]
createTicket.c(37): Error -27979: Requested form not found  	[MsgId: MERR-27979]
createTicket.c(37): Error -26377: No match found for the requested parameter "outFlight". Either the specified boundaries were not found in the response or the matched text is longer than current max html parameter size of 256 bytes. The total length of the response is 0 bytes. You can use "web_set_max_html_param_len" to increase the max parameter size.  	[MsgId: MERR-26377]
createTicket.c(37): Error -26374: The above "not found" error(s) may be explained by header and body byte counts being 0 and 0, respectively.  	[MsgId: MERR-26374]
createTicket.c(37): Error -27979: Requested form not found  	[MsgId: MERR-27979]
createTicket.c(37): Error -26377: No match found for the requested parameter "outFlight". Either the specified boundaries were not found in the response or the matched text is longer than current max html parameter size of 256 bytes. The total length of the response is 0 bytes. You can use "web_set_max_html_param_len" to increase the max parameter size.  	[MsgId: MERR-26377]
createTicket.c(37): Error -26374: The above "not found" error(s) may be explained by header and body byte counts being 0 and 0, respectively.  	[MsgId: MERR-26374]
createTicket.c(37): Error -27979: Requested form not found  	[MsgId: MERR-27979]
createTicket.c(37): Error -26377: No match found for the requested parameter "outFlight". Either the specified boundaries were not found in the response or the matched text is longer than current max html parameter size of 256 bytes. The total length of the response is 0 bytes. You can use "web_set_max_html_param_len" to increase the max parameter size.  	[MsgId: MERR-26377]
createTicket.c(37): Error -26374: The above "not found" error(s) may be explained by header and body byte counts being 0 and 0, respectively.  	[MsgId: MERR-26374]
createTicket.c(37): Error -27979: Requested form not found  	[MsgId: MERR-27979]
createTicket.c(37): Error -26377: No match found for the requested parameter "outFlight". Either the specified boundaries were not found in the response or the matched text is longer than current max html parameter size of 256 bytes. The total length of the response is 0 bytes. You can use "web_set_max_html_param_len" to increase the max parameter size.  	[MsgId: MERR-26377]
createTicket.c(37): Error -26374: The above "not found" error(s) may be explained by header and body byte counts being 0 and 0, respectively.  	[MsgId: MERR-26374]
createTicket.c(37): Error -27979: Requested form not found  	[MsgId: MERR-27979]
createTicket.c(37): Error -26377: No match found for the requested parameter "outFlight". Either the specified boundaries were not found in the response or the matched text is longer than current max html parameter size of 256 bytes. The total length of the response is 0 bytes. You can use "web_set_max_html_param_len" to increase the max parameter size.  	[MsgId: MERR-26377]
createTicket.c(37): Error -26374: The above "not found" error(s) may be explained by header and body byte counts being 0 and 0, respectively.  	[MsgId: MERR-26374]
createTicket.c(37): Error -27979: Requested form not found  	[MsgId: MERR-27979]
createTicket.c(37): Error -26377: No match found for the requested parameter "outFlight". Either the specified boundaries were not found in the response or the matched text is longer than current max html parameter size of 256 bytes. The total length of the response is 0 bytes. You can use "web_set_max_html_param_len" to increase the max parameter size.  	[MsgId: MERR-26377]
createTicket.c(37): Error -26374: The above "not found" error(s) may be explained by header and body byte counts being 0 and 0, respectively.  	[MsgId: MERR-26374]
createTicket.c(37): Error -27979: Requested form not found  	[MsgId: MERR-27979]
createTicket.c(37): Error -26377: No match found for the requested parameter "outFlight". Either the specified boundaries were not found in the response or the matched text is longer than current max html parameter size of 256 bytes. The total length of the response is 0 bytes. You can use "web_set_max_html_param_len" to increase the max parameter size.  	[MsgId: MERR-26377]
createTicket.c(37): Error -26374: The above "not found" error(s) may be explained by header and body byte counts being 0 and 0, respectively.  	[MsgId: MERR-26374]
createTicket.c(37): Error -27979: Requested form not found  	[MsgId: MERR-27979]
createTicket.c(37): Error -26377: No match found for the requested parameter "outFlight". Either the specified boundaries were not found in the response or the matched text is longer than current max html parameter size of 256 bytes. The total length of the response is 0 bytes. You can use "web_set_max_html_param_len" to increase the max parameter size.  	[MsgId: MERR-26377]
createTicket.c(37): Error -26374: The above "not found" error(s) may be explained by header and body byte counts being 0 and 0, respectively.  	[MsgId: MERR-26374]
createTicket.c(37): Error -27979: Requested form not found  	[MsgId: MERR-27979]
createTicket.c(37): Error -26377: No match found for the requested parameter "outFlight". Either the specified boundaries were not found in the response or the matched text is longer than current max html parameter size of 256 bytes. The total length of the response is 0 bytes. You can use "web_set_max_html_param_len" to increase the max parameter size.  	[MsgId: MERR-26377]
createTicket.c(37): Error -26374: The above "not found" error(s) may be explained by header and body byte counts being 0 and 0, respectively.  	[MsgId: MERR-26374]
Warning: Iteration pacing cannot be reached (pace time = 10,00, actual time = 25,51).	[MsgId: MWAR-15995]
Warning: Iteration pacing cannot be reached (pace time = 10,00, actual time = 25,64).	[MsgId: MWAR-15995]
Warning: Iteration pacing cannot be reached (pace time = 10,00, actual time = 25,95).	[MsgId: MWAR-15995]
Warning: Iteration pacing cannot be reached (pace time = 10,00, actual time = 25,92).	[MsgId: MWAR-15995]
Warning: Iteration pacing cannot be reached (pace time = 10,00, actual time = 25,70).	[MsgId: MWAR-15995]
Warning: Iteration pacing cannot be reached (pace time = 10,00, actual time = 25,97).	[MsgId: MWAR-15995]
Warning: Iteration pacing cannot be reached (pace time = 10,00, actual time = 25,86).	[MsgId: MWAR-15995]
Warning: Iteration pacing cannot be reached (pace time = 10,00, actual time = 25,54).	[MsgId: MWAR-15995]
Warning: Iteration pacing cannot be reached (pace time = 10,00, actual time = 25,60).	[MsgId: MWAR-15995]
Warning: Iteration pacing cannot be reached (pace time = 10,00, actual time = 25,51).	[MsgId: MWAR-15995]
createTicket.c(37): Error -27979: Requested form not found  	[MsgId: MERR-27979]
createTicket.c(37): Error -26377: No match found for the requested parameter "outFlight". Either the specified boundaries were not found in the response or the matched text is longer than current max html parameter size of 256 bytes. The total length of the response is 0 bytes. You can use "web_set_max_html_param_len" to increase the max parameter size.  	[MsgId: MERR-26377]
createTicket.c(37): Error -26374: The above "not found" error(s) may be explained by header and body byte counts being 0 and 0, respectively.  	[MsgId: MERR-26374]
createTicket.c(37): Error -27979: Requested form not found  	[MsgId: MERR-27979]
createTicket.c(37): Error -26377: No match found for the requested parameter "outFlight". Either the specified boundaries were not found in the response or the matched text is longer than current max html parameter size of 256 bytes. The total length of the response is 0 bytes. You can use "web_set_max_html_param_len" to increase the max parameter size.  	[MsgId: MERR-26377]
createTicket.c(37): Error -26374: The above "not found" error(s) may be explained by header and body byte counts being 0 and 0, respectively.  	[MsgId: MERR-26374]
createTicket.c(37): Error -27979: Requested form not found  	[MsgId: MERR-27979]
createTicket.c(37): Error -26377: No match found for the requested parameter "outFlight". Either the specified boundaries were not found in the response or the matched text is longer than current max html parameter size of 256 bytes. The total length of the response is 0 bytes. You can use "web_set_max_html_param_len" to increase the max parameter size.  	[MsgId: MERR-26377]
createTicket.c(37): Error -26374: The above "not found" error(s) may be explained by header and body byte counts being 0 and 0, respectively.  	[MsgId: MERR-26374]
createTicket.c(37): Error -27979: Requested form not found  	[MsgId: MERR-27979]
createTicket.c(37): Error -26377: No match found for the requested parameter "outFlight". Either the specified boundaries were not found in the response or the matched text is longer than current max html parameter size of 256 bytes. The total length of the response is 0 bytes. You can use "web_set_max_html_param_len" to increase the max parameter size.  	[MsgId: MERR-26377]
createTicket.c(37): Error -26374: The above "not found" error(s) may be explained by header and body byte counts being 0 and 0, respectively.  	[MsgId: MERR-26374]
createTicket.c(37): Error -27979: Requested form not found  	[MsgId: MERR-27979]
createTicket.c(37): Error -26377: No match found for the requested parameter "outFlight". Either the specified boundaries were not found in the response or the matched text is longer than current max html parameter size of 256 bytes. The total length of the response is 0 bytes. You can use "web_set_max_html_param_len" to increase the max parameter size.  	[MsgId: MERR-26377]
createTicket.c(37): Error -26374: The above "not found" error(s) may be explained by header and body byte counts being 0 and 0, respectively.  	[MsgId: MERR-26374]
Warning: Iteration pacing cannot be reached (pace time = 10,00, actual time = 25,59).	[MsgId: MWAR-15995]
Warning: Iteration pacing cannot be reached (pace time = 10,00, actual time = 25,61).	[MsgId: MWAR-15995]
Warning: Iteration pacing cannot be reached (pace time = 10,00, actual time = 25,49).	[MsgId: MWAR-15995]
Warning: Iteration pacing cannot be reached (pace time = 10,00, actual time = 25,50).	[MsgId: MWAR-15995]
Warning: Iteration pacing cannot be reached (pace time = 10,00, actual time = 25,61).	[MsgId: MWAR-15995]
Warning: Iteration pacing cannot be reached (pace time = 10,00, actual time = 25,57).	[MsgId: MWAR-15995]
Warning: Iteration pacing cannot be reached (pace time = 10,00, actual time = 25,64).	[MsgId: MWAR-15995]
Warning: Iteration pacing cannot be reached (pace time = 10,00, actual time = 25,92).	[MsgId: MWAR-15995]
Warning: Iteration pacing cannot be reached (pace time = 10,00, actual time = 25,92).	[MsgId: MWAR-15995]
Warning: Iteration pacing cannot be reached (pace time = 10,00, actual time = 25,47).	[MsgId: MWAR-15995]
Warning: Iteration pacing cannot be reached (pace time = 10,00, actual time = 25,58).	[MsgId: MWAR-15995]
Warning: Iteration pacing cannot be reached (pace time = 10,00, actual time = 25,57).	[MsgId: MWAR-15995]
Warning: Iteration pacing cannot be reached (pace time = 10,00, actual time = 26,01).	[MsgId: MWAR-15995]
Warning: Iteration pacing cannot be reached (pace time = 10,00, actual time = 26,09).	[MsgId: MWAR-15995]
Warning: Iteration pacing cannot be reached (pace time = 10,00, actual time = 26,22).	[MsgId: MWAR-15995]
Warning: Iteration pacing cannot be reached (pace time = 10,00, actual time = 25,61).	[MsgId: MWAR-15995]
Warning: Iteration pacing cannot be reached (pace time = 10,00, actual time = 25,63).	[MsgId: MWAR-15995]
Warning: Iteration pacing cannot be reached (pace time = 10,00, actual time = 25,55).	[MsgId: MWAR-15995]
Warning: Iteration pacing cannot be reached (pace time = 10,00, actual time = 25,49).	[MsgId: MWAR-15995]
Warning: Iteration pacing cannot be reached (pace time = 10,00, actual time = 25,35).	[MsgId: MWAR-15995]
createTicket.c(37): Error -27979: Requested form not found  	[MsgId: MERR-27979]
createTicket.c(37): Error -26377: No match found for the requested parameter "outFlight". Either the specified boundaries were not found in the response or the matched text is longer than current max html parameter size of 256 bytes. The total length of the response is 0 bytes. You can use "web_set_max_html_param_len" to increase the max parameter size.  	[MsgId: MERR-26377]
createTicket.c(37): Error -26374: The above "not found" error(s) may be explained by header and body byte counts being 0 and 0, respectively.  	[MsgId: MERR-26374]
createTicket.c(37): Error -27979: Requested form not found  	[MsgId: MERR-27979]
createTicket.c(37): Error -26377: No match found for the requested parameter "outFlight". Either the specified boundaries were not found in the response or the matched text is longer than current max html parameter size of 256 bytes. The total length of the response is 0 bytes. You can use "web_set_max_html_param_len" to increase the max parameter size.  	[MsgId: MERR-26377]
createTicket.c(37): Error -26374: The above "not found" error(s) may be explained by header and body byte counts being 0 and 0, respectively.  	[MsgId: MERR-26374]
createTicket.c(37): Error -27979: Requested form not found  	[MsgId: MERR-27979]
createTicket.c(37): Error -26377: No match found for the requested parameter "outFlight". Either the specified boundaries were not found in the response or the matched text is longer than current max html parameter size of 256 bytes. The total length of the response is 0 bytes. You can use "web_set_max_html_param_len" to increase the max parameter size.  	[MsgId: MERR-26377]
createTicket.c(37): Error -26374: The above "not found" error(s) may be explained by header and body byte counts being 0 and 0, respectively.  	[MsgId: MERR-26374]
createTicket.c(37): Error -27979: Requested form not found  	[MsgId: MERR-27979]
createTicket.c(37): Error -26377: No match found for the requested parameter "outFlight". Either the specified boundaries were not found in the response or the matched text is longer than current max html parameter size of 256 bytes. The total length of the response is 0 bytes. You can use "web_set_max_html_param_len" to increase the max parameter size.  	[MsgId: MERR-26377]
createTicket.c(37): Error -26374: The above "not found" error(s) may be explained by header and body byte counts being 0 and 0, respectively.  	[MsgId: MERR-26374]
createTicket.c(37): Error -27979: Requested form not found  	[MsgId: MERR-27979]
createTicket.c(37): Error -26377: No match found for the requested parameter "outFlight". Either the specified boundaries were not found in the response or the matched text is longer than current max html parameter size of 256 bytes. The total length of the response is 0 bytes. You can use "web_set_max_html_param_len" to increase the max parameter size.  	[MsgId: MERR-26377]
createTicket.c(37): Error -26374: The above "not found" error(s) may be explained by header and body byte counts being 0 and 0, respectively.  	[MsgId: MERR-26374]
Warning: Iteration pacing cannot be reached (pace time = 10,00, actual time = 25,59).	[MsgId: MWAR-15995]
Warning: Iteration pacing cannot be reached (pace time = 10,00, actual time = 25,59).	[MsgId: MWAR-15995]
Warning: Iteration pacing cannot be reached (pace time = 10,00, actual time = 25,77).	[MsgId: MWAR-15995]
Warning: Iteration pacing cannot be reached (pace time = 10,00, actual time = 25,72).	[MsgId: MWAR-15995]
Warning: Iteration pacing cannot be reached (pace time = 10,00, actual time = 26,04).	[MsgId: MWAR-15995]
Warning: Iteration pacing cannot be reached (pace time = 10,00, actual time = 25,93).	[MsgId: MWAR-15995]
Warning: Iteration pacing cannot be reached (pace time = 10,00, actual time = 25,96).	[MsgId: MWAR-15995]
Warning: Iteration pacing cannot be reached (pace time = 10,00, actual time = 25,90).	[MsgId: MWAR-15995]
Warning: Iteration pacing cannot be reached (pace time = 10,00, actual time = 25,96).	[MsgId: MWAR-15995]
Warning: Iteration pacing cannot be reached (pace time = 10,00, actual time = 25,99).	[MsgId: MWAR-15995]
Warning: Iteration pacing cannot be reached (pace time = 10,00, actual time = 25,83).	[MsgId: MWAR-15995]
Warning: Iteration pacing cannot be reached (pace time = 10,00, actual time = 25,82).	[MsgId: MWAR-15995]
Warning: Iteration pacing cannot be reached (pace time = 10,00, actual time = 25,69).	[MsgId: MWAR-15995]
Warning: Iteration pacing cannot be reached (pace time = 10,00, actual time = 25,95).	[MsgId: MWAR-15995]
Warning: Iteration pacing cannot be reached (pace time = 10,00, actual time = 25,75).	[MsgId: MWAR-15995]
Warning: Iteration pacing cannot be reached (pace time = 10,00, actual time = 26,11).	[MsgId: MWAR-15995]
Warning: Iteration pacing cannot be reached (pace time = 10,00, actual time = 26,10).	[MsgId: MWAR-15995]
Warning: Iteration pacing cannot be reached (pace time = 10,00, actual time = 25,50).	[MsgId: MWAR-15995]
Warning: Iteration pacing cannot be reached (pace time = 10,00, actual time = 25,64).	[MsgId: MWAR-15995]
Warning: Iteration pacing cannot be reached (pace time = 10,00, actual time = 25,63).	[MsgId: MWAR-15995]
Warning: Iteration pacing cannot be reached (pace time = 10,00, actual time = 25,89).	[MsgId: MWAR-15995]
Warning: Iteration pacing cannot be reached (pace time = 10,00, actual time = 25,92).	[MsgId: MWAR-15995]
Warning: Iteration pacing cannot be reached (pace time = 10,00, actual time = 25,79).	[MsgId: MWAR-15995]
Warning: Iteration pacing cannot be reached (pace time = 10,00, actual time = 25,86).	[MsgId: MWAR-15995]
Warning: Iteration pacing cannot be reached (pace time = 10,00, actual time = 25,81).	[MsgId: MWAR-15995]
Warning: Iteration pacing cannot be reached (pace time = 10,00, actual time = 25,94).	[MsgId: MWAR-15995]
Warning: Iteration pacing cannot be reached (pace time = 10,00, actual time = 25,96).	[MsgId: MWAR-15995]
Warning: Iteration pacing cannot be reached (pace time = 10,00, actual time = 25,71).	[MsgId: MWAR-15995]
Warning: Iteration pacing cannot be reached (pace time = 10,00, actual time = 25,77).	[MsgId: MWAR-15995]
Warning: Iteration pacing cannot be reached (pace time = 10,00, actual time = 25,71).	[MsgId: MWAR-15995]
Warning: Iteration pacing cannot be reached (pace time = 10,00, actual time = 26,00).	[MsgId: MWAR-15995]
Warning: Iteration pacing cannot be reached (pace time = 10,00, actual time = 26,00).	[MsgId: MWAR-15995]
Warning: Iteration pacing cannot be reached (pace time = 10,00, actual time = 26,08).	[MsgId: MWAR-15995]
Warning: Iteration pacing cannot be reached (pace time = 10,00, actual time = 25,85).	[MsgId: MWAR-15995]
Warning: Iteration pacing cannot be reached (pace time = 10,00, actual time = 25,83).	[MsgId: MWAR-15995]
Warning: Iteration pacing cannot be reached (pace time = 10,00, actual time = 26,02).	[MsgId: MWAR-15995]
Warning: Iteration pacing cannot be reached (pace time = 10,00, actual time = 26,05).	[MsgId: MWAR-15995]
Warning: Iteration pacing cannot be reached (pace time = 10,00, actual time = 25,89).	[MsgId: MWAR-15995]
Warning: Iteration pacing cannot be reached (pace time = 10,00, actual time = 26,01).	[MsgId: MWAR-15995]
Warning: Iteration pacing cannot be reached (pace time = 10,00, actual time = 25,97).	[MsgId: MWAR-15995]
createTicket.c(37): Error -27979: Requested form not found  	[MsgId: MERR-27979]
createTicket.c(37): Error -26377: No match found for the requested parameter "outFlight". Either the specified boundaries were not found in the response or the matched text is longer than current max html parameter size of 256 bytes. The total length of the response is 0 bytes. You can use "web_set_max_html_param_len" to increase the max parameter size.  	[MsgId: MERR-26377]
createTicket.c(37): Error -26374: The above "not found" error(s) may be explained by header and body byte counts being 0 and 0, respectively.  	[MsgId: MERR-26374]
createTicket.c(37): Error -27979: Requested form not found  	[MsgId: MERR-27979]
createTicket.c(37): Error -26377: No match found for the requested parameter "outFlight". Either the specified boundaries were not found in the response or the matched text is longer than current max html parameter size of 256 bytes. The total length of the response is 0 bytes. You can use "web_set_max_html_param_len" to increase the max parameter size.  	[MsgId: MERR-26377]
createTicket.c(37): Error -26374: The above "not found" error(s) may be explained by header and body byte counts being 0 and 0, respectively.  	[MsgId: MERR-26374]
createTicket.c(37): Error -27979: Requested form not found  	[MsgId: MERR-27979]
createTicket.c(37): Error -26377: No match found for the requested parameter "outFlight". Either the specified boundaries were not found in the response or the matched text is longer than current max html parameter size of 256 bytes. The total length of the response is 0 bytes. You can use "web_set_max_html_param_len" to increase the max parameter size.  	[MsgId: MERR-26377]
createTicket.c(37): Error -26374: The above "not found" error(s) may be explained by header and body byte counts being 0 and 0, respectively.  	[MsgId: MERR-26374]
createTicket.c(37): Error -27979: Requested form not found  	[MsgId: MERR-27979]
createTicket.c(37): Error -26377: No match found for the requested parameter "outFlight". Either the specified boundaries were not found in the response or the matched text is longer than current max html parameter size of 256 bytes. The total length of the response is 0 bytes. You can use "web_set_max_html_param_len" to increase the max parameter size.  	[MsgId: MERR-26377]
createTicket.c(37): Error -26374: The above "not found" error(s) may be explained by header and body byte counts being 0 and 0, respectively.  	[MsgId: MERR-26374]
createTicket.c(37): Error -27979: Requested form not found  	[MsgId: MERR-27979]
createTicket.c(37): Error -26377: No match found for the requested parameter "outFlight". Either the specified boundaries were not found in the response or the matched text is longer than current max html parameter size of 256 bytes. The total length of the response is 0 bytes. You can use "web_set_max_html_param_len" to increase the max parameter size.  	[MsgId: MERR-26377]
createTicket.c(37): Error -26374: The above "not found" error(s) may be explained by header and body byte counts being 0 and 0, respectively.  	[MsgId: MERR-26374]
Warning: Iteration pacing cannot be reached (pace time = 10,00, actual time = 25,89).	[MsgId: MWAR-15995]
Warning: Iteration pacing cannot be reached (pace time = 10,00, actual time = 25,80).	[MsgId: MWAR-15995]
Warning: Iteration pacing cannot be reached (pace time = 10,00, actual time = 25,86).	[MsgId: MWAR-15995]
Warning: Iteration pacing cannot be reached (pace time = 10,00, actual time = 26,32).	[MsgId: MWAR-15995]
Warning: Iteration pacing cannot be reached (pace time = 10,00, actual time = 26,33).	[MsgId: MWAR-15995]
createTicket.c(37): Error -27979: Requested form not found  	[MsgId: MERR-27979]
createTicket.c(37): Error -26377: No match found for the requested parameter "outFlight". Either the specified boundaries were not found in the response or the matched text is longer than current max html parameter size of 256 bytes. The total length of the response is 0 bytes. You can use "web_set_max_html_param_len" to increase the max parameter size.  	[MsgId: MERR-26377]
createTicket.c(37): Error -26374: The above "not found" error(s) may be explained by header and body byte counts being 0 and 0, respectively.  	[MsgId: MERR-26374]
createTicket.c(37): Error -27979: Requested form not found  	[MsgId: MERR-27979]
createTicket.c(37): Error -26377: No match found for the requested parameter "outFlight". Either the specified boundaries were not found in the response or the matched text is longer than current max html parameter size of 256 bytes. The total length of the response is 0 bytes. You can use "web_set_max_html_param_len" to increase the max parameter size.  	[MsgId: MERR-26377]
createTicket.c(37): Error -26374: The above "not found" error(s) may be explained by header and body byte counts being 0 and 0, respectively.  	[MsgId: MERR-26374]
createTicket.c(37): Error -27979: Requested form not found  	[MsgId: MERR-27979]
createTicket.c(37): Error -26377: No match found for the requested parameter "outFlight". Either the specified boundaries were not found in the response or the matched text is longer than current max html parameter size of 256 bytes. The total length of the response is 0 bytes. You can use "web_set_max_html_param_len" to increase the max parameter size.  	[MsgId: MERR-26377]
createTicket.c(37): Error -26374: The above "not found" error(s) may be explained by header and body byte counts being 0 and 0, respectively.  	[MsgId: MERR-26374]
createTicket.c(37): Error -27979: Requested form not found  	[MsgId: MERR-27979]
createTicket.c(37): Error -26377: No match found for the requested parameter "outFlight". Either the specified boundaries were not found in the response or the matched text is longer than current max html parameter size of 256 bytes. The total length of the response is 0 bytes. You can use "web_set_max_html_param_len" to increase the max parameter size.  	[MsgId: MERR-26377]
createTicket.c(37): Error -26374: The above "not found" error(s) may be explained by header and body byte counts being 0 and 0, respectively.  	[MsgId: MERR-26374]
createTicket.c(37): Error -27979: Requested form not found  	[MsgId: MERR-27979]
createTicket.c(37): Error -26377: No match found for the requested parameter "outFlight". Either the specified boundaries were not found in the response or the matched text is longer than current max html parameter size of 256 bytes. The total length of the response is 0 bytes. You can use "web_set_max_html_param_len" to increase the max parameter size.  	[MsgId: MERR-26377]
createTicket.c(37): Error -26374: The above "not found" error(s) may be explained by header and body byte counts being 0 and 0, respectively.  	[MsgId: MERR-26374]
createTicket.c(37): Error -27979: Requested form not found  	[MsgId: MERR-27979]
createTicket.c(37): Error -26377: No match found for the requested parameter "outFlight". Either the specified boundaries were not found in the response or the matched text is longer than current max html parameter size of 256 bytes. The total length of the response is 0 bytes. You can use "web_set_max_html_param_len" to increase the max parameter size.  	[MsgId: MERR-26377]
createTicket.c(37): Error -26374: The above "not found" error(s) may be explained by header and body byte counts being 0 and 0, respectively.  	[MsgId: MERR-26374]
createTicket.c(37): Error -27979: Requested form not found  	[MsgId: MERR-27979]
createTicket.c(37): Error -26377: No match found for the requested parameter "outFlight". Either the specified boundaries were not found in the response or the matched text is longer than current max html parameter size of 256 bytes. The total length of the response is 0 bytes. You can use "web_set_max_html_param_len" to increase the max parameter size.  	[MsgId: MERR-26377]
createTicket.c(37): Error -26374: The above "not found" error(s) may be explained by header and body byte counts being 0 and 0, respectively.  	[MsgId: MERR-26374]
createTicket.c(37): Error -27979: Requested form not found  	[MsgId: MERR-27979]
createTicket.c(37): Error -26377: No match found for the requested parameter "outFlight". Either the specified boundaries were not found in the response or the matched text is longer than current max html parameter size of 256 bytes. The total length of the response is 0 bytes. You can use "web_set_max_html_param_len" to increase the max parameter size.  	[MsgId: MERR-26377]
createTicket.c(37): Error -26374: The above "not found" error(s) may be explained by header and body byte counts being 0 and 0, respectively.  	[MsgId: MERR-26374]
createTicket.c(37): Error -27979: Requested form not found  	[MsgId: MERR-27979]
createTicket.c(37): Error -26377: No match found for the requested parameter "outFlight". Either the specified boundaries were not found in the response or the matched text is longer than current max html parameter size of 256 bytes. The total length of the response is 0 bytes. You can use "web_set_max_html_param_len" to increase the max parameter size.  	[MsgId: MERR-26377]
createTicket.c(37): Error -26374: The above "not found" error(s) may be explained by header and body byte counts being 0 and 0, respectively.  	[MsgId: MERR-26374]
createTicket.c(37): Error -27979: Requested form not found  	[MsgId: MERR-27979]
createTicket.c(37): Error -26377: No match found for the requested parameter "outFlight". Either the specified boundaries were not found in the response or the matched text is longer than current max html parameter size of 256 bytes. The total length of the response is 0 bytes. You can use "web_set_max_html_param_len" to increase the max parameter size.  	[MsgId: MERR-26377]
createTicket.c(37): Error -26374: The above "not found" error(s) may be explained by header and body byte counts being 0 and 0, respectively.  	[MsgId: MERR-26374]
createTicket.c(37): Error -27979: Requested form not found  	[MsgId: MERR-27979]
createTicket.c(37): Error -26377: No match found for the requested parameter "outFlight". Either the specified boundaries were not found in the response or the matched text is longer than current max html parameter size of 256 bytes. The total length of the response is 0 bytes. You can use "web_set_max_html_param_len" to increase the max parameter size.  	[MsgId: MERR-26377]
createTicket.c(37): Error -26374: The above "not found" error(s) may be explained by header and body byte counts being 0 and 0, respectively.  	[MsgId: MERR-26374]
createTicket.c(37): Error -27979: Requested form not found  	[MsgId: MERR-27979]
createTicket.c(37): Error -26377: No match found for the requested parameter "outFlight". Either the specified boundaries were not found in the response or the matched text is longer than current max html parameter size of 256 bytes. The total length of the response is 0 bytes. You can use "web_set_max_html_param_len" to increase the max parameter size.  	[MsgId: MERR-26377]
createTicket.c(37): Error -26374: The above "not found" error(s) may be explained by header and body byte counts being 0 and 0, respectively.  	[MsgId: MERR-26374]
createTicket.c(37): Error -27979: Requested form not found  	[MsgId: MERR-27979]
createTicket.c(37): Error -26377: No match found for the requested parameter "outFlight". Either the specified boundaries were not found in the response or the matched text is longer than current max html parameter size of 256 bytes. The total length of the response is 0 bytes. You can use "web_set_max_html_param_len" to increase the max parameter size.  	[MsgId: MERR-26377]
createTicket.c(37): Error -26374: The above "not found" error(s) may be explained by header and body byte counts being 0 and 0, respectively.  	[MsgId: MERR-26374]
createTicket.c(37): Error -27979: Requested form not found  	[MsgId: MERR-27979]
createTicket.c(37): Error -26377: No match found for the requested parameter "outFlight". Either the specified boundaries were not found in the response or the matched text is longer than current max html parameter size of 256 bytes. The total length of the response is 0 bytes. You can use "web_set_max_html_param_len" to increase the max parameter size.  	[MsgId: MERR-26377]
createTicket.c(37): Error -26374: The above "not found" error(s) may be explained by header and body byte counts being 0 and 0, respectively.  	[MsgId: MERR-26374]
createTicket.c(37): Error -27979: Requested form not found  	[MsgId: MERR-27979]
createTicket.c(37): Error -26377: No match found for the requested parameter "outFlight". Either the specified boundaries were not found in the response or the matched text is longer than current max html parameter size of 256 bytes. The total length of the response is 0 bytes. You can use "web_set_max_html_param_len" to increase the max parameter size.  	[MsgId: MERR-26377]
createTicket.c(37): Error -26374: The above "not found" error(s) may be explained by header and body byte counts being 0 and 0, respectively.  	[MsgId: MERR-26374]
createTicket.c(37): Error -27979: Requested form not found  	[MsgId: MERR-27979]
createTicket.c(37): Error -26377: No match found for the requested parameter "outFlight". Either the specified boundaries were not found in the response or the matched text is longer than current max html parameter size of 256 bytes. The total length of the response is 0 bytes. You can use "web_set_max_html_param_len" to increase the max parameter size.  	[MsgId: MERR-26377]
createTicket.c(37): Error -26374: The above "not found" error(s) may be explained by header and body byte counts being 0 and 0, respectively.  	[MsgId: MERR-26374]
createTicket.c(37): Error -27979: Requested form not found  	[MsgId: MERR-27979]
createTicket.c(37): Error -26377: No match found for the requested parameter "outFlight". Either the specified boundaries were not found in the response or the matched text is longer than current max html parameter size of 256 bytes. The total length of the response is 0 bytes. You can use "web_set_max_html_param_len" to increase the max parameter size.  	[MsgId: MERR-26377]
createTicket.c(37): Error -26374: The above "not found" error(s) may be explained by header and body byte counts being 0 and 0, respectively.  	[MsgId: MERR-26374]
createTicket.c(37): Error -27979: Requested form not found  	[MsgId: MERR-27979]
createTicket.c(37): Error -26377: No match found for the requested parameter "outFlight". Either the specified boundaries were not found in the response or the matched text is longer than current max html parameter size of 256 bytes. The total length of the response is 0 bytes. You can use "web_set_max_html_param_len" to increase the max parameter size.  	[MsgId: MERR-26377]
createTicket.c(37): Error -26374: The above "not found" error(s) may be explained by header and body byte counts being 0 and 0, respectively.  	[MsgId: MERR-26374]
createTicket.c(37): Error -27979: Requested form not found  	[MsgId: MERR-27979]
createTicket.c(37): Error -26377: No match found for the requested parameter "outFlight". Either the specified boundaries were not found in the response or the matched text is longer than current max html parameter size of 256 bytes. The total length of the response is 0 bytes. You can use "web_set_max_html_param_len" to increase the max parameter size.  	[MsgId: MERR-26377]
createTicket.c(37): Error -26374: The above "not found" error(s) may be explained by header and body byte counts being 0 and 0, respectively.  	[MsgId: MERR-26374]
createTicket.c(37): Error -27979: Requested form not found  	[MsgId: MERR-27979]
createTicket.c(37): Error -26377: No match found for the requested parameter "outFlight". Either the specified boundaries were not found in the response or the matched text is longer than current max html parameter size of 256 bytes. The total length of the response is 0 bytes. You can use "web_set_max_html_param_len" to increase the max parameter size.  	[MsgId: MERR-26377]
createTicket.c(37): Error -26374: The above "not found" error(s) may be explained by header and body byte counts being 0 and 0, respectively.  	[MsgId: MERR-26374]
createTicket.c(37): Error -27979: Requested form not found  	[MsgId: MERR-27979]
createTicket.c(37): Error -26377: No match found for the requested parameter "outFlight". Either the specified boundaries were not found in the response or the matched text is longer than current max html parameter size of 256 bytes. The total length of the response is 0 bytes. You can use "web_set_max_html_param_len" to increase the max parameter size.  	[MsgId: MERR-26377]
createTicket.c(37): Error -26374: The above "not found" error(s) may be explained by header and body byte counts being 0 and 0, respectively.  	[MsgId: MERR-26374]
createTicket.c(37): Error -27979: Requested form not found  	[MsgId: MERR-27979]
createTicket.c(37): Error -26377: No match found for the requested parameter "outFlight". Either the specified boundaries were not found in the response or the matched text is longer than current max html parameter size of 256 bytes. The total length of the response is 0 bytes. You can use "web_set_max_html_param_len" to increase the max parameter size.  	[MsgId: MERR-26377]
createTicket.c(37): Error -26374: The above "not found" error(s) may be explained by header and body byte counts being 0 and 0, respectively.  	[MsgId: MERR-26374]
createTicket.c(37): Error -27979: Requested form not found  	[MsgId: MERR-27979]
createTicket.c(37): Error -26377: No match found for the requested parameter "outFlight". Either the specified boundaries were not found in the response or the matched text is longer than current max html parameter size of 256 bytes. The total length of the response is 0 bytes. You can use "web_set_max_html_param_len" to increase the max parameter size.  	[MsgId: MERR-26377]
createTicket.c(37): Error -26374: The above "not found" error(s) may be explained by header and body byte counts being 0 and 0, respectively.  	[MsgId: MERR-26374]
createTicket.c(37): Error -27979: Requested form not found  	[MsgId: MERR-27979]
createTicket.c(37): Error -26377: No match found for the requested parameter "outFlight". Either the specified boundaries were not found in the response or the matched text is longer than current max html parameter size of 256 bytes. The total length of the response is 0 bytes. You can use "web_set_max_html_param_len" to increase the max parameter size.  	[MsgId: MERR-26377]
createTicket.c(37): Error -26374: The above "not found" error(s) may be explained by header and body byte counts being 0 and 0, respectively.  	[MsgId: MERR-26374]
createTicket.c(37): Error -27979: Requested form not found  	[MsgId: MERR-27979]
createTicket.c(37): Error -26377: No match found for the requested parameter "outFlight". Either the specified boundaries were not found in the response or the matched text is longer than current max html parameter size of 256 bytes. The total length of the response is 0 bytes. You can use "web_set_max_html_param_len" to increase the max parameter size.  	[MsgId: MERR-26377]
createTicket.c(37): Error -26374: The above "not found" error(s) may be explained by header and body byte counts being 0 and 0, respectively.  	[MsgId: MERR-26374]
createTicket.c(37): Error -27979: Requested form not found  	[MsgId: MERR-27979]
createTicket.c(37): Error -26377: No match found for the requested parameter "outFlight". Either the specified boundaries were not found in the response or the matched text is longer than current max html parameter size of 256 bytes. The total length of the response is 0 bytes. You can use "web_set_max_html_param_len" to increase the max parameter size.  	[MsgId: MERR-26377]
createTicket.c(37): Error -26374: The above "not found" error(s) may be explained by header and body byte counts being 0 and 0, respectively.  	[MsgId: MERR-26374]
createTicket.c(37): Error -27979: Requested form not found  	[MsgId: MERR-27979]
createTicket.c(37): Error -26377: No match found for the requested parameter "outFlight". Either the specified boundaries were not found in the response or the matched text is longer than current max html parameter size of 256 bytes. The total length of the response is 0 bytes. You can use "web_set_max_html_param_len" to increase the max parameter size.  	[MsgId: MERR-26377]
createTicket.c(37): Error -26374: The above "not found" error(s) may be explained by header and body byte counts being 0 and 0, respectively.  	[MsgId: MERR-26374]
createTicket.c(37): Error -27979: Requested form not found  	[MsgId: MERR-27979]
createTicket.c(37): Error -26377: No match found for the requested parameter "outFlight". Either the specified boundaries were not found in the response or the matched text is longer than current max html parameter size of 256 bytes. The total length of the response is 0 bytes. You can use "web_set_max_html_param_len" to increase the max parameter size.  	[MsgId: MERR-26377]
createTicket.c(37): Error -26374: The above "not found" error(s) may be explained by header and body byte counts being 0 and 0, respectively.  	[MsgId: MERR-26374]
createTicket.c(37): Error -27979: Requested form not found  	[MsgId: MERR-27979]
createTicket.c(37): Error -26377: No match found for the requested parameter "outFlight". Either the specified boundaries were not found in the response or the matched text is longer than current max html parameter size of 256 bytes. The total length of the response is 0 bytes. You can use "web_set_max_html_param_len" to increase the max parameter size.  	[MsgId: MERR-26377]
createTicket.c(37): Error -26374: The above "not found" error(s) may be explained by header and body byte counts being 0 and 0, respectively.  	[MsgId: MERR-26374]
createTicket.c(37): Error -27979: Requested form not found  	[MsgId: MERR-27979]
createTicket.c(37): Error -26377: No match found for the requested parameter "outFlight". Either the specified boundaries were not found in the response or the matched text is longer than current max html parameter size of 256 bytes. The total length of the response is 0 bytes. You can use "web_set_max_html_param_len" to increase the max parameter size.  	[MsgId: MERR-26377]
createTicket.c(37): Error -26374: The above "not found" error(s) may be explained by header and body byte counts being 0 and 0, respectively.  	[MsgId: MERR-26374]
Warning: Iteration pacing cannot be reached (pace time = 10,00, actual time = 25,91).	[MsgId: MWAR-15995]
Warning: Iteration pacing cannot be reached (pace time = 10,00, actual time = 25,94).	[MsgId: MWAR-15995]
Warning: Iteration pacing cannot be reached (pace time = 10,00, actual time = 26,05).	[MsgId: MWAR-15995]
Warning: Iteration pacing cannot be reached (pace time = 10,00, actual time = 25,84).	[MsgId: MWAR-15995]
Warning: Iteration pacing cannot be reached (pace time = 10,00, actual time = 26,01).	[MsgId: MWAR-15995]
Warning: Iteration pacing cannot be reached (pace time = 10,00, actual time = 25,82).	[MsgId: MWAR-15995]
Warning: Iteration pacing cannot be reached (pace time = 10,00, actual time = 25,96).	[MsgId: MWAR-15995]
Warning: Iteration pacing cannot be reached (pace time = 10,00, actual time = 25,99).	[MsgId: MWAR-15995]
Warning: Iteration pacing cannot be reached (pace time = 10,00, actual time = 25,62).	[MsgId: MWAR-15995]
Warning: Iteration pacing cannot be reached (pace time = 10,00, actual time = 25,74).	[MsgId: MWAR-15995]
Warning: Iteration pacing cannot be reached (pace time = 10,00, actual time = 25,66).	[MsgId: MWAR-15995]
Warning: Iteration pacing cannot be reached (pace time = 10,00, actual time = 25,73).	[MsgId: MWAR-15995]
Warning: Iteration pacing cannot be reached (pace time = 10,00, actual time = 26,10).	[MsgId: MWAR-15995]
Warning: Iteration pacing cannot be reached (pace time = 10,00, actual time = 25,90).	[MsgId: MWAR-15995]
Warning: Iteration pacing cannot be reached (pace time = 10,00, actual time = 25,93).	[MsgId: MWAR-15995]
createTicket.c(37): Error -27979: Requested form not found  	[MsgId: MERR-27979]
createTicket.c(37): Error -26377: No match found for the requested parameter "outFlight". Either the specified boundaries were not found in the response or the matched text is longer than current max html parameter size of 256 bytes. The total length of the response is 0 bytes. You can use "web_set_max_html_param_len" to increase the max parameter size.  	[MsgId: MERR-26377]
createTicket.c(37): Error -26374: The above "not found" error(s) may be explained by header and body byte counts being 0 and 0, respectively.  	[MsgId: MERR-26374]
createTicket.c(37): Error -27979: Requested form not found  	[MsgId: MERR-27979]
createTicket.c(37): Error -26377: No match found for the requested parameter "outFlight". Either the specified boundaries were not found in the response or the matched text is longer than current max html parameter size of 256 bytes. The total length of the response is 0 bytes. You can use "web_set_max_html_param_len" to increase the max parameter size.  	[MsgId: MERR-26377]
createTicket.c(37): Error -26374: The above "not found" error(s) may be explained by header and body byte counts being 0 and 0, respectively.  	[MsgId: MERR-26374]
createTicket.c(37): Error -27979: Requested form not found  	[MsgId: MERR-27979]
createTicket.c(37): Error -26377: No match found for the requested parameter "outFlight". Either the specified boundaries were not found in the response or the matched text is longer than current max html parameter size of 256 bytes. The total length of the response is 0 bytes. You can use "web_set_max_html_param_len" to increase the max parameter size.  	[MsgId: MERR-26377]
createTicket.c(37): Error -26374: The above "not found" error(s) may be explained by header and body byte counts being 0 and 0, respectively.  	[MsgId: MERR-26374]
createTicket.c(37): Error -27979: Requested form not found  	[MsgId: MERR-27979]
createTicket.c(37): Error -26377: No match found for the requested parameter "outFlight". Either the specified boundaries were not found in the response or the matched text is longer than current max html parameter size of 256 bytes. The total length of the response is 0 bytes. You can use "web_set_max_html_param_len" to increase the max parameter size.  	[MsgId: MERR-26377]
createTicket.c(37): Error -26374: The above "not found" error(s) may be explained by header and body byte counts being 0 and 0, respectively.  	[MsgId: MERR-26374]
createTicket.c(37): Error -27979: Requested form not found  	[MsgId: MERR-27979]
createTicket.c(37): Error -26377: No match found for the requested parameter "outFlight". Either the specified boundaries were not found in the response or the matched text is longer than current max html parameter size of 256 bytes. The total length of the response is 0 bytes. You can use "web_set_max_html_param_len" to increase the max parameter size.  	[MsgId: MERR-26377]
createTicket.c(37): Error -26374: The above "not found" error(s) may be explained by header and body byte counts being 0 and 0, respectively.  	[MsgId: MERR-26374]
createTicket.c(37): Error -27979: Requested form not found  	[MsgId: MERR-27979]
createTicket.c(37): Error -26377: No match found for the requested parameter "outFlight". Either the specified boundaries were not found in the response or the matched text is longer than current max html parameter size of 256 bytes. The total length of the response is 0 bytes. You can use "web_set_max_html_param_len" to increase the max parameter size.  	[MsgId: MERR-26377]
createTicket.c(37): Error -26374: The above "not found" error(s) may be explained by header and body byte counts being 0 and 0, respectively.  	[MsgId: MERR-26374]
createTicket.c(37): Error -27979: Requested form not found  	[MsgId: MERR-27979]
createTicket.c(37): Error -26377: No match found for the requested parameter "outFlight". Either the specified boundaries were not found in the response or the matched text is longer than current max html parameter size of 256 bytes. The total length of the response is 0 bytes. You can use "web_set_max_html_param_len" to increase the max parameter size.  	[MsgId: MERR-26377]
createTicket.c(37): Error -26374: The above "not found" error(s) may be explained by header and body byte counts being 0 and 0, respectively.  	[MsgId: MERR-26374]
createTicket.c(37): Error -27979: Requested form not found  	[MsgId: MERR-27979]
createTicket.c(37): Error -26377: No match found for the requested parameter "outFlight". Either the specified boundaries were not found in the response or the matched text is longer than current max html parameter size of 256 bytes. The total length of the response is 0 bytes. You can use "web_set_max_html_param_len" to increase the max parameter size.  	[MsgId: MERR-26377]
createTicket.c(37): Error -26374: The above "not found" error(s) may be explained by header and body byte counts being 0 and 0, respectively.  	[MsgId: MERR-26374]
createTicket.c(37): Error -27979: Requested form not found  	[MsgId: MERR-27979]
createTicket.c(37): Error -26377: No match found for the requested parameter "outFlight". Either the specified boundaries were not found in the response or the matched text is longer than current max html parameter size of 256 bytes. The total length of the response is 0 bytes. You can use "web_set_max_html_param_len" to increase the max parameter size.  	[MsgId: MERR-26377]
createTicket.c(37): Error -26374: The above "not found" error(s) may be explained by header and body byte counts being 0 and 0, respectively.  	[MsgId: MERR-26374]
createTicket.c(37): Error -27979: Requested form not found  	[MsgId: MERR-27979]
createTicket.c(37): Error -26377: No match found for the requested parameter "outFlight". Either the specified boundaries were not found in the response or the matched text is longer than current max html parameter size of 256 bytes. The total length of the response is 0 bytes. You can use "web_set_max_html_param_len" to increase the max parameter size.  	[MsgId: MERR-26377]
createTicket.c(37): Error -26374: The above "not found" error(s) may be explained by header and body byte counts being 0 and 0, respectively.  	[MsgId: MERR-26374]
Warning: Iteration pacing cannot be reached (pace time = 10,00, actual time = 25,64).	[MsgId: MWAR-15995]
Warning: Iteration pacing cannot be reached (pace time = 10,00, actual time = 25,58).	[MsgId: MWAR-15995]
Warning: Iteration pacing cannot be reached (pace time = 10,00, actual time = 25,44).	[MsgId: MWAR-15995]
Warning: Iteration pacing cannot be reached (pace time = 10,00, actual time = 25,58).	[MsgId: MWAR-15995]
Warning: Iteration pacing cannot be reached (pace time = 10,00, actual time = 25,68).	[MsgId: MWAR-15995]
Warning: Iteration pacing cannot be reached (pace time = 10,00, actual time = 25,66).	[MsgId: MWAR-15995]
Warning: Iteration pacing cannot be reached (pace time = 10,00, actual time = 25,74).	[MsgId: MWAR-15995]
Warning: Iteration pacing cannot be reached (pace time = 10,00, actual time = 25,60).	[MsgId: MWAR-15995]
Warning: Iteration pacing cannot be reached (pace time = 10,00, actual time = 25,51).	[MsgId: MWAR-15995]
Warning: Iteration pacing cannot be reached (pace time = 10,00, actual time = 25,42).	[MsgId: MWAR-15995]
Warning: Iteration pacing cannot be reached (pace time = 10,00, actual time = 25,50).	[MsgId: MWAR-15995]
Warning: Iteration pacing cannot be reached (pace time = 10,00, actual time = 25,65).	[MsgId: MWAR-15995]
Warning: Iteration pacing cannot be reached (pace time = 10,00, actual time = 25,57).	[MsgId: MWAR-15995]
Warning: Iteration pacing cannot be reached (pace time = 10,00, actual time = 25,51).	[MsgId: MWAR-15995]
Warning: Iteration pacing cannot be reached (pace time = 10,00, actual time = 25,55).	[MsgId: MWAR-15995]
Warning: Iteration pacing cannot be reached (pace time = 10,00, actual time = 25,61).	[MsgId: MWAR-15995]
Warning: Iteration pacing cannot be reached (pace time = 10,00, actual time = 25,51).	[MsgId: MWAR-15995]
Warning: Iteration pacing cannot be reached (pace time = 10,00, actual time = 26,38).	[MsgId: MWAR-15995]
Warning: Iteration pacing cannot be reached (pace time = 10,00, actual time = 26,34).	[MsgId: MWAR-15995]
Warning: Iteration pacing cannot be reached (pace time = 10,00, actual time = 26,02).	[MsgId: MWAR-15995]
createTicket.c(37): Error -27979: Requested form not found  	[MsgId: MERR-27979]
createTicket.c(37): Error -26377: No match found for the requested parameter "outFlight". Either the specified boundaries were not found in the response or the matched text is longer than current max html parameter size of 256 bytes. The total length of the response is 0 bytes. You can use "web_set_max_html_param_len" to increase the max parameter size.  	[MsgId: MERR-26377]
createTicket.c(37): Error -26374: The above "not found" error(s) may be explained by header and body byte counts being 0 and 0, respectively.  	[MsgId: MERR-26374]
createTicket.c(37): Error -27979: Requested form not found  	[MsgId: MERR-27979]
createTicket.c(37): Error -26377: No match found for the requested parameter "outFlight". Either the specified boundaries were not found in the response or the matched text is longer than current max html parameter size of 256 bytes. The total length of the response is 0 bytes. You can use "web_set_max_html_param_len" to increase the max parameter size.  	[MsgId: MERR-26377]
createTicket.c(37): Error -26374: The above "not found" error(s) may be explained by header and body byte counts being 0 and 0, respectively.  	[MsgId: MERR-26374]
createTicket.c(37): Error -27979: Requested form not found  	[MsgId: MERR-27979]
createTicket.c(37): Error -26377: No match found for the requested parameter "outFlight". Either the specified boundaries were not found in the response or the matched text is longer than current max html parameter size of 256 bytes. The total length of the response is 0 bytes. You can use "web_set_max_html_param_len" to increase the max parameter size.  	[MsgId: MERR-26377]
createTicket.c(37): Error -26374: The above "not found" error(s) may be explained by header and body byte counts being 0 and 0, respectively.  	[MsgId: MERR-26374]
createTicket.c(37): Error -27979: Requested form not found  	[MsgId: MERR-27979]
createTicket.c(37): Error -26377: No match found for the requested parameter "outFlight". Either the specified boundaries were not found in the response or the matched text is longer than current max html parameter size of 256 bytes. The total length of the response is 0 bytes. You can use "web_set_max_html_param_len" to increase the max parameter size.  	[MsgId: MERR-26377]
createTicket.c(37): Error -26374: The above "not found" error(s) may be explained by header and body byte counts being 0 and 0, respectively.  	[MsgId: MERR-26374]
createTicket.c(37): Error -27979: Requested form not found  	[MsgId: MERR-27979]
createTicket.c(37): Error -26377: No match found for the requested parameter "outFlight". Either the specified boundaries were not found in the response or the matched text is longer than current max html parameter size of 256 bytes. The total length of the response is 0 bytes. You can use "web_set_max_html_param_len" to increase the max parameter size.  	[MsgId: MERR-26377]
createTicket.c(37): Error -26374: The above "not found" error(s) may be explained by header and body byte counts being 0 and 0, respectively.  	[MsgId: MERR-26374]
